2021-02-16 21:51:55 - INFO  - Starting EmployeServiceIntegrationTest on DESKTOP-P0UDKGU with PID 15116 (started by fabrice ferrere in H:\ALL GIT\Java git prof\ipi-java-350-ex)
2021-02-16 21:51:55 - INFO  - No active profile set, falling back to default profiles: default
2021-02-16 21:53:13 - INFO  - Started EmployeServiceIntegrationTest in 78.283 seconds (JVM running for 79.315)
2021-02-16 21:53:21 - INFO  - Embauche d'un employé avec les infos suivantes : nom:Joel ,prenom: Bill , poste: COMMERCIAL , niveau d'étude: LICENCE , taux d'activité 1.0 
2021-02-16 21:53:26 - WARN  - matricule par defaut affecté
2021-02-16 21:53:33 - INFO  - employe enregistrer: Employe{, nom='Joel', prenom='Bill', matricule='C00001', dateEmbauche=2021-02-16, salaire=1825.46, performance=1, tempsPartiel=1.0}
2021-02-16 21:53:34 - INFO  - 1
2021-02-16 21:53:45 - INFO  - Starting EmployeServiceIntegrationTest on DESKTOP-P0UDKGU with PID 16220 (started by fabrice ferrere in H:\ALL GIT\Java git prof\ipi-java-350-ex)
2021-02-16 21:53:45 - INFO  - No active profile set, falling back to default profiles: default
2021-02-16 21:55:02 - INFO  - Started EmployeServiceIntegrationTest in 76.804 seconds (JVM running for 77.738)
2021-02-16 21:55:17 - INFO  - Embauche d'un employé avec les infos suivantes : nom:Joel ,prenom: Bill , poste: COMMERCIAL , niveau d'étude: LICENCE , taux d'activité 1.0 
2021-02-16 21:55:21 - WARN  - matricule par defaut affecté
2021-02-16 21:55:28 - INFO  - employe enregistrer: Employe{, nom='Joel', prenom='Bill', matricule='C00001', dateEmbauche=2021-02-16, salaire=1825.46, performance=1, tempsPartiel=1.0}
2021-02-16 21:58:15 - INFO  - 1
2021-02-16 21:58:27 - INFO  - Starting EmployeServiceIntegrationTest on DESKTOP-P0UDKGU with PID 15916 (started by fabrice ferrere in H:\ALL GIT\Java git prof\ipi-java-350-ex)
2021-02-16 21:58:27 - INFO  - No active profile set, falling back to default profiles: default
2021-02-16 21:59:44 - INFO  - Started EmployeServiceIntegrationTest in 76.764 seconds (JVM running for 77.65)
2021-02-16 22:00:01 - INFO  - Embauche d'un employé avec les infos suivantes : nom:Joel ,prenom: Bill , poste: COMMERCIAL , niveau d'étude: LICENCE , taux d'activité 1.0 
2021-02-16 22:00:05 - WARN  - matricule par defaut affecté
2021-02-16 22:00:11 - INFO  - employe enregistrer: Employe{, nom='Joel', prenom='Bill', matricule='C00001', dateEmbauche=2021-02-16, salaire=1825.46, performance=1, tempsPartiel=1.0}
2021-02-16 22:04:50 - INFO  - 1
2021-02-16 22:11:32 - INFO  - Starting EmployeServiceIntegrationTest on DESKTOP-P0UDKGU with PID 18696 (started by fabrice ferrere in H:\ALL GIT\Java git prof\ipi-java-350-ex)
2021-02-16 22:11:32 - INFO  - No active profile set, falling back to default profiles: default
2021-02-16 22:11:34 - INFO  - Started EmployeServiceIntegrationTest in 1.781 seconds (JVM running for 2.513)
2021-02-16 22:11:34 - INFO  - Embauche d'un employé avec les infos suivantes : nom:Joel ,prenom: Bill , poste: COMMERCIAL , niveau d'étude: LICENCE , taux d'activité 1.0 
2021-02-16 22:11:34 - WARN  - matricule par defaut affecté
2021-02-16 22:11:34 - INFO  - employe enregistrer: Employe{, nom='Joel', prenom='Bill', matricule='C00001', dateEmbauche=2021-02-16, salaire=1825.46, performance=1, tempsPartiel=1.0}
2021-02-16 22:12:35 - INFO  - Starting EmployeServiceIntegrationTest on DESKTOP-P0UDKGU with PID 19876 (started by fabrice ferrere in H:\ALL GIT\Java git prof\ipi-java-350-ex)
2021-02-16 22:12:35 - INFO  - No active profile set, falling back to default profiles: default
2021-02-16 22:12:36 - INFO  - Started EmployeServiceIntegrationTest in 1.82 seconds (JVM running for 2.536)
2021-02-16 22:12:36 - INFO  - Embauche d'un employé avec les infos suivantes : nom:Joel ,prenom: Bill , poste: COMMERCIAL , niveau d'étude: LICENCE , taux d'activité 1.0 
2021-02-16 22:12:36 - WARN  - matricule par defaut affecté
2021-02-16 22:12:36 - INFO  - employe enregistrer: Employe{, nom='Joel', prenom='Bill', matricule='C00001', dateEmbauche=2021-02-16, salaire=1825.46, performance=1, tempsPartiel=1.0}
2021-02-16 22:13:10 - INFO  - Starting EmployeServiceIntegrationTest on DESKTOP-P0UDKGU with PID 17468 (started by fabrice ferrere in H:\ALL GIT\Java git prof\ipi-java-350-ex)
2021-02-16 22:13:10 - INFO  - No active profile set, falling back to default profiles: default
2021-02-16 22:13:11 - INFO  - Started EmployeServiceIntegrationTest in 1.771 seconds (JVM running for 2.494)
2021-02-16 22:13:11 - INFO  - Embauche d'un employé avec les infos suivantes : nom:Joel ,prenom: Bill , poste: COMMERCIAL , niveau d'étude: LICENCE , taux d'activité 1.0 
2021-02-16 22:13:11 - WARN  - matricule par defaut affecté
2021-02-16 22:13:11 - INFO  - employe enregistrer: Employe{, nom='Joel', prenom='Bill', matricule='C00001', dateEmbauche=2021-02-16, salaire=1825.46, performance=1, tempsPartiel=1.0}
2021-02-16 22:13:26 - INFO  - Starting EmployeServiceIntegrationTest on DESKTOP-P0UDKGU with PID 1948 (started by fabrice ferrere in H:\ALL GIT\Java git prof\ipi-java-350-ex)
2021-02-16 22:13:26 - INFO  - No active profile set, falling back to default profiles: default
2021-02-16 22:13:28 - INFO  - Started EmployeServiceIntegrationTest in 1.815 seconds (JVM running for 2.525)
2021-02-16 22:13:28 - INFO  - Embauche d'un employé avec les infos suivantes : nom:Joel ,prenom: Bill , poste: COMMERCIAL , niveau d'étude: LICENCE , taux d'activité 1.0 
2021-02-16 22:13:28 - WARN  - matricule par defaut affecté
2021-02-16 22:13:28 - INFO  - employe enregistrer: Employe{, nom='Joel', prenom='Bill', matricule='C00001', dateEmbauche=2021-02-16, salaire=1825.46, performance=1, tempsPartiel=1.0}
2021-02-16 22:13:44 - INFO  - Starting EmployeServiceIntegrationTest on DESKTOP-P0UDKGU with PID 8488 (started by fabrice ferrere in H:\ALL GIT\Java git prof\ipi-java-350-ex)
2021-02-16 22:13:44 - INFO  - No active profile set, falling back to default profiles: default
2021-02-16 22:13:45 - INFO  - Started EmployeServiceIntegrationTest in 1.834 seconds (JVM running for 2.57)
2021-02-16 22:13:46 - INFO  - Embauche d'un employé avec les infos suivantes : nom:Joel ,prenom: Bill , poste: COMMERCIAL , niveau d'étude: LICENCE , taux d'activité 1.0 
2021-02-16 22:13:46 - WARN  - matricule par defaut affecté
2021-02-16 22:13:46 - INFO  - employe enregistrer: Employe{, nom='Joel', prenom='Bill', matricule='C00001', dateEmbauche=2021-02-16, salaire=1825.46, performance=1, tempsPartiel=1.0}
2021-02-16 22:14:22 - INFO  - Starting EmployeServiceIntegrationTest on DESKTOP-P0UDKGU with PID 9080 (started by fabrice ferrere in H:\ALL GIT\Java git prof\ipi-java-350-ex)
2021-02-16 22:14:22 - INFO  - No active profile set, falling back to default profiles: default
2021-02-16 22:14:24 - INFO  - Started EmployeServiceIntegrationTest in 1.803 seconds (JVM running for 2.525)
2021-02-16 22:14:24 - INFO  - Embauche d'un employé avec les infos suivantes : nom:Joel ,prenom: Bill , poste: COMMERCIAL , niveau d'étude: LICENCE , taux d'activité 1.0 
2021-02-16 22:14:24 - WARN  - matricule par defaut affecté
2021-02-16 22:14:24 - INFO  - employe enregistrer: Employe{, nom='Joel', prenom='Bill', matricule='C00001', dateEmbauche=2021-02-16, salaire=1825.46, performance=1, tempsPartiel=1.0}
2021-02-16 22:14:49 - INFO  - Starting EmployeServiceIntegrationTest on DESKTOP-P0UDKGU with PID 16764 (started by fabrice ferrere in H:\ALL GIT\Java git prof\ipi-java-350-ex)
2021-02-16 22:14:49 - INFO  - No active profile set, falling back to default profiles: default
2021-02-16 22:16:06 - INFO  - Started EmployeServiceIntegrationTest in 76.794 seconds (JVM running for 77.634)
2021-02-16 22:16:15 - INFO  - Embauche d'un employé avec les infos suivantes : nom:Joel ,prenom: Bill , poste: COMMERCIAL , niveau d'étude: LICENCE , taux d'activité 1.0 
2021-02-16 22:16:20 - WARN  - matricule par defaut affecté
2021-02-16 22:16:26 - INFO  - employe enregistrer: Employe{, nom='Joel', prenom='Bill', matricule='C00001', dateEmbauche=2021-02-16, salaire=1825.46, performance=1, tempsPartiel=1.0}
2021-02-16 22:26:39 - INFO  - Starting EmployeServiceIntegrationTest on DESKTOP-P0UDKGU with PID 5848 (started by fabrice ferrere in H:\ALL GIT\Java git prof\ipi-java-350-ex)
2021-02-16 22:26:39 - INFO  - No active profile set, falling back to default profiles: default
2021-02-16 22:26:41 - INFO  - Started EmployeServiceIntegrationTest in 1.855 seconds (JVM running for 2.688)
2021-02-16 22:26:41 - INFO  - Embauche d'un employé avec les infos suivantes : nom:Joel ,prenom: Bill , poste: COMMERCIAL , niveau d'étude: LICENCE , taux d'activité 1.0 
2021-02-16 22:26:41 - WARN  - matricule par defaut affecté
2021-02-16 22:26:41 - INFO  - employe enregistrer: Employe{, nom='Joel', prenom='Bill', matricule='C00001', dateEmbauche=2021-02-16, salaire=1825.46, performance=1, tempsPartiel=1.0}
2021-02-16 22:28:09 - INFO  - Starting EmployeServiceIntegrationTest on DESKTOP-P0UDKGU with PID 1652 (started by fabrice ferrere in H:\ALL GIT\Java git prof\ipi-java-350-ex)
2021-02-16 22:28:09 - INFO  - No active profile set, falling back to default profiles: default
2021-02-16 22:28:11 - INFO  - Started EmployeServiceIntegrationTest in 1.843 seconds (JVM running for 2.567)
2021-02-16 22:28:11 - INFO  - Embauche d'un employé avec les infos suivantes : nom:Joel ,prenom: Bill , poste: COMMERCIAL , niveau d'étude: LICENCE , taux d'activité 1.0 
2021-02-16 22:28:11 - WARN  - matricule par defaut affecté
2021-02-16 22:28:11 - INFO  - employe enregistrer: Employe{, nom='Joel', prenom='Bill', matricule='C00001', dateEmbauche=2021-02-16, salaire=1825.46, performance=1, tempsPartiel=1.0}
2021-02-16 22:29:01 - INFO  - Starting EmployeServiceIntegrationTest on DESKTOP-P0UDKGU with PID 10604 (started by fabrice ferrere in H:\ALL GIT\Java git prof\ipi-java-350-ex)
2021-02-16 22:29:01 - INFO  - No active profile set, falling back to default profiles: default
2021-02-16 22:29:02 - INFO  - Started EmployeServiceIntegrationTest in 1.844 seconds (JVM running for 2.577)
2021-02-16 22:29:03 - INFO  - Embauche d'un employé avec les infos suivantes : nom:Joel ,prenom: Bill , poste: COMMERCIAL , niveau d'étude: LICENCE , taux d'activité 1.0 
2021-02-16 22:29:03 - WARN  - matricule par defaut affecté
2021-02-16 22:29:03 - INFO  - employe enregistrer: Employe{, nom='Joel', prenom='Bill', matricule='C00001', dateEmbauche=2021-02-16, salaire=1825.46, performance=1, tempsPartiel=1.0}
2021-02-16 22:29:12 - INFO  - Starting EmployeServiceIntegrationTest on DESKTOP-P0UDKGU with PID 16180 (started by fabrice ferrere in H:\ALL GIT\Java git prof\ipi-java-350-ex)
2021-02-16 22:29:12 - INFO  - No active profile set, falling back to default profiles: default
2021-02-16 22:29:14 - INFO  - Started EmployeServiceIntegrationTest in 1.855 seconds (JVM running for 2.592)
2021-02-16 22:29:14 - INFO  - Embauche d'un employé avec les infos suivantes : nom:Joel ,prenom: Bill , poste: COMMERCIAL , niveau d'étude: LICENCE , taux d'activité 1.0 
2021-02-16 22:29:14 - WARN  - matricule par defaut affecté
2021-02-16 22:29:14 - INFO  - employe enregistrer: Employe{, nom='Joel', prenom='Bill', matricule='C00001', dateEmbauche=2021-02-16, salaire=1825.46, performance=1, tempsPartiel=1.0}
2021-02-16 22:29:28 - INFO  - Starting EmployeServiceIntegrationTest on DESKTOP-P0UDKGU with PID 8332 (started by fabrice ferrere in H:\ALL GIT\Java git prof\ipi-java-350-ex)
2021-02-16 22:29:28 - INFO  - No active profile set, falling back to default profiles: default
2021-02-16 22:29:30 - INFO  - Started EmployeServiceIntegrationTest in 1.805 seconds (JVM running for 2.527)
2021-02-16 22:29:30 - INFO  - Embauche d'un employé avec les infos suivantes : nom:Joel ,prenom: Bill , poste: COMMERCIAL , niveau d'étude: LICENCE , taux d'activité 1.0 
2021-02-16 22:29:30 - WARN  - matricule par defaut affecté
2021-02-16 22:29:30 - INFO  - employe enregistrer: Employe{, nom='Joel', prenom='Bill', matricule='C00001', dateEmbauche=2021-02-16, salaire=1825.46, performance=1, tempsPartiel=1.0}
2021-02-16 22:32:19 - INFO  - Starting EmployeServiceIntegrationTest on DESKTOP-P0UDKGU with PID 15708 (started by fabrice ferrere in H:\ALL GIT\Java git prof\ipi-java-350-ex)
2021-02-16 22:32:19 - INFO  - No active profile set, falling back to default profiles: default
2021-02-16 22:32:21 - INFO  - Started EmployeServiceIntegrationTest in 1.83 seconds (JVM running for 2.55)
2021-02-16 22:32:21 - INFO  - Embauche d'un employé avec les infos suivantes : nom:Joel ,prenom: Bill , poste: COMMERCIAL , niveau d'étude: LICENCE , taux d'activité 1.0 
2021-02-16 22:32:21 - WARN  - matricule par defaut affecté
2021-02-16 22:32:21 - INFO  - employe enregistrer: Employe{, nom='Joel', prenom='Bill', matricule='C00001', dateEmbauche=2021-02-16, salaire=1825.46, performance=1, tempsPartiel=1.0}
2021-02-16 22:35:57 - INFO  - Starting EmployeServiceIntegrationTest on DESKTOP-P0UDKGU with PID 7120 (started by fabrice ferrere in H:\ALL GIT\Java git prof\ipi-java-350-ex)
2021-02-16 22:35:57 - INFO  - No active profile set, falling back to default profiles: default
2021-02-16 22:35:59 - INFO  - Started EmployeServiceIntegrationTest in 1.853 seconds (JVM running for 2.598)
2021-02-16 22:35:59 - INFO  - Embauche d'un employé avec les infos suivantes : nom:Joel ,prenom: Bill , poste: COMMERCIAL , niveau d'étude: LICENCE , taux d'activité 1.0 
2021-02-16 22:35:59 - WARN  - matricule par defaut affecté
2021-02-16 22:35:59 - INFO  - employe enregistrer: Employe{, nom='Joel', prenom='Bill', matricule='C00001', dateEmbauche=2021-02-16, salaire=1825.46, performance=1, tempsPartiel=1.0}
2021-02-16 22:35:59 - INFO  - Embauche d'un employé avec les infos suivantes : nom:Jobs ,prenom: Steve , poste: COMMERCIAL , niveau d'étude: LICENCE , taux d'activité 1.0 
2021-02-16 22:35:59 - INFO  - employe enregistrer: Employe{, nom='Jobs', prenom='Steve', matricule='C00002', dateEmbauche=2021-02-16, salaire=1825.46, performance=1, tempsPartiel=1.0}
2021-02-16 22:36:58 - INFO  - Starting EmployeServiceIntegrationTest on DESKTOP-P0UDKGU with PID 10020 (started by fabrice ferrere in H:\ALL GIT\Java git prof\ipi-java-350-ex)
2021-02-16 22:36:58 - INFO  - No active profile set, falling back to default profiles: default
2021-02-16 22:38:17 - INFO  - Started EmployeServiceIntegrationTest in 79.491 seconds (JVM running for 81.101)
2021-02-16 22:38:27 - INFO  - Embauche d'un employé avec les infos suivantes : nom:Joel ,prenom: Bill , poste: COMMERCIAL , niveau d'étude: LICENCE , taux d'activité 1.0 
2021-02-16 22:38:31 - WARN  - matricule par defaut affecté
2021-02-16 22:38:38 - INFO  - employe enregistrer: Employe{, nom='Joel', prenom='Bill', matricule='C00001', dateEmbauche=2021-02-16, salaire=1825.46, performance=1, tempsPartiel=1.0}
2021-02-16 22:38:38 - INFO  - Embauche d'un employé avec les infos suivantes : nom:Jobs ,prenom: Steve , poste: COMMERCIAL , niveau d'étude: LICENCE , taux d'activité 1.0 
2021-02-16 22:38:38 - INFO  - employe enregistrer: Employe{, nom='Jobs', prenom='Steve', matricule='C00002', dateEmbauche=2021-02-16, salaire=1825.46, performance=1, tempsPartiel=1.0}
2021-02-16 22:39:09 - INFO  - Starting EmployeServiceIntegrationTest on DESKTOP-P0UDKGU with PID 16240 (started by fabrice ferrere in H:\ALL GIT\Java git prof\ipi-java-350-ex)
2021-02-16 22:39:09 - INFO  - No active profile set, falling back to default profiles: default
2021-02-16 22:39:11 - INFO  - Started EmployeServiceIntegrationTest in 1.853 seconds (JVM running for 2.596)
2021-02-16 22:39:11 - INFO  - Embauche d'un employé avec les infos suivantes : nom:Joel ,prenom: Bill , poste: COMMERCIAL , niveau d'étude: LICENCE , taux d'activité 1.0 
2021-02-16 22:39:11 - WARN  - matricule par defaut affecté
2021-02-16 22:39:11 - INFO  - employe enregistrer: Employe{, nom='Joel', prenom='Bill', matricule='C00001', dateEmbauche=2021-02-16, salaire=1825.46, performance=1, tempsPartiel=1.0}
2021-02-16 22:39:11 - INFO  - Embauche d'un employé avec les infos suivantes : nom:Jobs ,prenom: Steve , poste: COMMERCIAL , niveau d'étude: LICENCE , taux d'activité 1.0 
2021-02-16 22:39:11 - INFO  - employe enregistrer: Employe{, nom='Jobs', prenom='Steve', matricule='C00002', dateEmbauche=2021-02-16, salaire=1825.46, performance=1, tempsPartiel=1.0}
2021-02-16 22:39:28 - INFO  - Starting EmployeServiceIntegrationTest on DESKTOP-P0UDKGU with PID 16316 (started by fabrice ferrere in H:\ALL GIT\Java git prof\ipi-java-350-ex)
2021-02-16 22:39:28 - INFO  - No active profile set, falling back to default profiles: default
2021-02-16 22:39:30 - INFO  - Started EmployeServiceIntegrationTest in 1.829 seconds (JVM running for 2.592)
2021-02-16 22:39:30 - INFO  - Embauche d'un employé avec les infos suivantes : nom:Joel ,prenom: Bill , poste: COMMERCIAL , niveau d'étude: LICENCE , taux d'activité 1.0 
2021-02-16 22:39:30 - WARN  - matricule par defaut affecté
2021-02-16 22:39:30 - INFO  - employe enregistrer: Employe{, nom='Joel', prenom='Bill', matricule='C00001', dateEmbauche=2021-02-16, salaire=1825.46, performance=1, tempsPartiel=1.0}
2021-02-16 22:39:30 - INFO  - Embauche d'un employé avec les infos suivantes : nom:Joel ,prenom: Bill , poste: COMMERCIAL , niveau d'étude: LICENCE , taux d'activité 1.0 
2021-02-16 22:39:30 - WARN  - matricule par defaut affecté
2021-02-16 22:39:30 - INFO  - employe enregistrer: Employe{, nom='Joel', prenom='Bill', matricule='C00001', dateEmbauche=2021-02-16, salaire=1825.46, performance=1, tempsPartiel=1.0}
2021-02-16 22:39:30 - INFO  - Embauche d'un employé avec les infos suivantes : nom:Joel ,prenom: Bill , poste: COMMERCIAL , niveau d'étude: LICENCE , taux d'activité 1.0 
2021-02-16 22:39:30 - WARN  - matricule par defaut affecté
2021-02-16 22:39:30 - INFO  - employe enregistrer: Employe{, nom='Joel', prenom='Bill', matricule='C00001', dateEmbauche=2021-02-16, salaire=1825.46, performance=1, tempsPartiel=1.0}
2021-02-16 22:39:30 - INFO  - Embauche d'un employé avec les infos suivantes : nom:Joel ,prenom: Bill , poste: COMMERCIAL , niveau d'étude: LICENCE , taux d'activité 1.0 
2021-02-16 22:39:30 - WARN  - matricule par defaut affecté
2021-02-16 22:39:30 - INFO  - employe enregistrer: Employe{, nom='Joel', prenom='Bill', matricule='C00001', dateEmbauche=2021-02-16, salaire=1825.46, performance=1, tempsPartiel=1.0}
2021-02-16 22:39:30 - INFO  - Embauche d'un employé avec les infos suivantes : nom:Joel ,prenom: Bill , poste: COMMERCIAL , niveau d'étude: LICENCE , taux d'activité 1.0 
2021-02-16 22:39:30 - WARN  - matricule par defaut affecté
2021-02-16 22:39:30 - INFO  - employe enregistrer: Employe{, nom='Joel', prenom='Bill', matricule='C00001', dateEmbauche=2021-02-16, salaire=1825.46, performance=1, tempsPartiel=1.0}
2021-02-16 22:39:30 - INFO  - Embauche d'un employé avec les infos suivantes : nom:Doe ,prenom: John , poste: TECHNICIEN , niveau d'étude: BTS_IUT , taux d'activité 1.0 
2021-02-16 22:39:30 - WARN  - matricule par defaut affecté
2021-02-16 22:39:30 - INFO  - employe enregistrer: Employe{, nom='Doe', prenom='John', matricule='T00001', dateEmbauche=2021-02-16, salaire=1825.46, performance=1, tempsPartiel=1.0}
2021-02-16 22:39:30 - INFO  - Embauche d'un employé avec les infos suivantes : nom:Joel ,prenom: Bill , poste: COMMERCIAL , niveau d'étude: LICENCE , taux d'activité 1.0 
2021-02-16 22:39:30 - WARN  - matricule par defaut affecté
2021-02-16 22:39:30 - INFO  - employe enregistrer: Employe{, nom='Joel', prenom='Bill', matricule='C00001', dateEmbauche=2021-02-16, salaire=1825.46, performance=1, tempsPartiel=1.0}
2021-02-16 22:39:30 - INFO  - Embauche d'un employé avec les infos suivantes : nom:Jobs ,prenom: Steve , poste: COMMERCIAL , niveau d'étude: LICENCE , taux d'activité 1.0 
2021-02-16 22:39:30 - INFO  - employe enregistrer: Employe{, nom='Jobs', prenom='Steve', matricule='C00002', dateEmbauche=2021-02-16, salaire=1825.46, performance=1, tempsPartiel=1.0}
2021-02-16 22:57:18 - INFO  - Starting EmployeRepositoryTest on DESKTOP-P0UDKGU with PID 16432 (started by fabrice ferrere in H:\ALL GIT\Java git prof\ipi-java-350-ex)
2021-02-16 22:57:18 - INFO  - No active profile set, falling back to default profiles: default
2021-02-16 22:57:20 - INFO  - Started EmployeRepositoryTest in 1.777 seconds (JVM running for 2.635)
2021-02-16 22:57:27 - INFO  - Starting EmployeServiceIntegrationTest on DESKTOP-P0UDKGU with PID 6452 (started by fabrice ferrere in H:\ALL GIT\Java git prof\ipi-java-350-ex)
2021-02-16 22:57:27 - INFO  - No active profile set, falling back to default profiles: default
2021-02-16 22:57:28 - INFO  - Started EmployeServiceIntegrationTest in 1.852 seconds (JVM running for 2.607)
2021-02-16 22:57:28 - INFO  - Embauche d'un employé avec les infos suivantes : nom:Joel ,prenom: Bill , poste: COMMERCIAL , niveau d'étude: LICENCE , taux d'activité 1.0 
2021-02-16 22:57:28 - WARN  - matricule par defaut affecté
2021-02-16 22:57:28 - INFO  - employe enregistrer: Employe{, nom='Joel', prenom='Bill', matricule='C00001', dateEmbauche=2021-02-16, salaire=1825.46, performance=1, tempsPartiel=1.0}
2021-02-16 22:57:28 - INFO  - Embauche d'un employé avec les infos suivantes : nom:Joel ,prenom: Bill , poste: COMMERCIAL , niveau d'étude: LICENCE , taux d'activité 1.0 
2021-02-16 22:57:28 - WARN  - matricule par defaut affecté
2021-02-16 22:57:28 - INFO  - employe enregistrer: Employe{, nom='Joel', prenom='Bill', matricule='C00001', dateEmbauche=2021-02-16, salaire=1825.46, performance=1, tempsPartiel=1.0}
2021-02-16 22:57:28 - INFO  - Embauche d'un employé avec les infos suivantes : nom:Joel ,prenom: Bill , poste: COMMERCIAL , niveau d'étude: LICENCE , taux d'activité 1.0 
2021-02-16 22:57:28 - WARN  - matricule par defaut affecté
2021-02-16 22:57:28 - INFO  - employe enregistrer: Employe{, nom='Joel', prenom='Bill', matricule='C00001', dateEmbauche=2021-02-16, salaire=1825.46, performance=1, tempsPartiel=1.0}
2021-02-16 22:57:28 - INFO  - Embauche d'un employé avec les infos suivantes : nom:Joel ,prenom: Bill , poste: COMMERCIAL , niveau d'étude: LICENCE , taux d'activité 1.0 
2021-02-16 22:57:28 - WARN  - matricule par defaut affecté
2021-02-16 22:57:28 - INFO  - employe enregistrer: Employe{, nom='Joel', prenom='Bill', matricule='C00001', dateEmbauche=2021-02-16, salaire=1825.46, performance=1, tempsPartiel=1.0}
2021-02-16 22:57:28 - INFO  - Embauche d'un employé avec les infos suivantes : nom:Joel ,prenom: Bill , poste: COMMERCIAL , niveau d'étude: LICENCE , taux d'activité 1.0 
2021-02-16 22:57:28 - WARN  - matricule par defaut affecté
2021-02-16 22:57:28 - INFO  - employe enregistrer: Employe{, nom='Joel', prenom='Bill', matricule='C00001', dateEmbauche=2021-02-16, salaire=1825.46, performance=1, tempsPartiel=1.0}
2021-02-16 22:57:28 - INFO  - Embauche d'un employé avec les infos suivantes : nom:Doe ,prenom: John , poste: TECHNICIEN , niveau d'étude: BTS_IUT , taux d'activité 1.0 
2021-02-16 22:57:28 - WARN  - matricule par defaut affecté
2021-02-16 22:57:28 - INFO  - employe enregistrer: Employe{, nom='Doe', prenom='John', matricule='T00001', dateEmbauche=2021-02-16, salaire=1825.46, performance=1, tempsPartiel=1.0}
2021-02-16 22:57:29 - INFO  - Embauche d'un employé avec les infos suivantes : nom:Joel ,prenom: Bill , poste: COMMERCIAL , niveau d'étude: LICENCE , taux d'activité 1.0 
2021-02-16 22:57:29 - WARN  - matricule par defaut affecté
2021-02-16 22:57:29 - INFO  - employe enregistrer: Employe{, nom='Joel', prenom='Bill', matricule='C00001', dateEmbauche=2021-02-16, salaire=1825.46, performance=1, tempsPartiel=1.0}
2021-02-16 22:57:29 - INFO  - Embauche d'un employé avec les infos suivantes : nom:Jobs ,prenom: Steve , poste: COMMERCIAL , niveau d'étude: LICENCE , taux d'activité 1.0 
2021-02-16 22:57:29 - INFO  - employe enregistrer: Employe{, nom='Jobs', prenom='Steve', matricule='C00002', dateEmbauche=2021-02-16, salaire=1825.46, performance=1, tempsPartiel=1.0}
2021-02-16 22:57:46 - INFO  - Embauche d'un employé avec les infos suivantes : nom:Doe ,prenom: John , poste: TECHNICIEN , niveau d'étude: BTS_IUT , taux d'activité 1.0 
2021-02-16 22:57:46 - WARN  - matricule par defaut affecté
2021-02-16 22:57:46 - ERROR - L'employé de matricule T00001 existe déjà en BDD
2021-02-16 22:57:46 - INFO  - Embauche d'un employé avec les infos suivantes : nom:Doe ,prenom: John , poste: TECHNICIEN , niveau d'étude: BTS_IUT , taux d'activité 1.0 
2021-02-16 22:57:46 - WARN  - matricule par defaut affecté
2021-02-16 22:57:46 - INFO  - employe enregistrer: Employe{, nom='Doe', prenom='John', matricule='T00001', dateEmbauche=2021-02-16, salaire=1825.46, performance=1, tempsPartiel=1.0}
2021-02-16 22:57:46 - INFO  - Embauche d'un employé avec les infos suivantes : nom:Doe ,prenom: John , poste: TECHNICIEN , niveau d'étude: BTS_IUT , taux d'activité 1.0 
2021-02-16 22:57:46 - ERROR - Limite des 100000 matricules atteinte !
