2021-02-17 21:38:31 - INFO  - Starting EmployeServiceIntegrationTest on DESKTOP-P0UDKGU with PID 19920 (started by fabrice ferrere in H:\ALL GIT\Java git prof\ipi-java-350-ex)
2021-02-17 21:38:31 - INFO  - No active profile set, falling back to default profiles: default
2021-02-17 21:38:33 - INFO  - Started EmployeServiceIntegrationTest in 2.059 seconds (JVM running for 2.921)
2021-02-17 21:38:33 - INFO  - Embauche d'un employé avec les infos suivantes : nom:Joel ,prenom: Bill , poste: COMMERCIAL , niveau d'étude: LICENCE , taux d'activité 1.0 
2021-02-17 21:38:33 - WARN  - matricule par defaut affecté
2021-02-17 21:38:33 - INFO  - employe enregistrer: Employe{, nom='Joel', prenom='Bill', matricule='C00001', dateEmbauche=2021-02-17, salaire=1825.46, performance=1, tempsPartiel=1.0}
2021-02-17 21:38:59 - INFO  - Starting EmployeServiceIntegrationTest on DESKTOP-P0UDKGU with PID 8112 (started by fabrice ferrere in H:\ALL GIT\Java git prof\ipi-java-350-ex)
2021-02-17 21:38:59 - INFO  - No active profile set, falling back to default profiles: default
2021-02-17 21:39:00 - INFO  - Started EmployeServiceIntegrationTest in 1.842 seconds (JVM running for 2.573)
2021-02-17 21:39:00 - INFO  - Embauche d'un employé avec les infos suivantes : nom:Joel ,prenom: Bill , poste: COMMERCIAL , niveau d'étude: LICENCE , taux d'activité 1.0 
2021-02-17 21:39:00 - WARN  - matricule par defaut affecté
2021-02-17 21:39:00 - INFO  - employe enregistrer: Employe{, nom='Joel', prenom='Bill', matricule='C00001', dateEmbauche=2021-02-17, salaire=1825.46, performance=1, tempsPartiel=1.0}
2021-02-17 21:40:08 - INFO  - Starting EmployeServiceIntegrationTest on DESKTOP-P0UDKGU with PID 5856 (started by fabrice ferrere in H:\ALL GIT\Java git prof\ipi-java-350-ex)
2021-02-17 21:40:08 - INFO  - No active profile set, falling back to default profiles: default
2021-02-17 21:40:10 - INFO  - Started EmployeServiceIntegrationTest in 1.848 seconds (JVM running for 2.617)
2021-02-17 21:40:10 - INFO  - Embauche d'un employé avec les infos suivantes : nom:Joel ,prenom: Bill , poste: COMMERCIAL , niveau d'étude: LICENCE , taux d'activité 1.0 
2021-02-17 21:40:10 - WARN  - matricule par defaut affecté
2021-02-17 21:40:10 - INFO  - employe enregistrer: Employe{, nom='Joel', prenom='Bill', matricule='C00001', dateEmbauche=2021-02-17, salaire=1825.46, performance=1, tempsPartiel=1.0}
2021-02-17 21:40:10 - INFO  - Embauche d'un employé avec les infos suivantes : nom:Jobs ,prenom: Steve , poste: COMMERCIAL , niveau d'étude: LICENCE , taux d'activité 1.0 
2021-02-17 21:40:10 - INFO  - employe enregistrer: Employe{, nom='Jobs', prenom='Steve', matricule='C00002', dateEmbauche=2021-02-17, salaire=1825.46, performance=1, tempsPartiel=1.0}
2021-02-17 21:40:10 - INFO  - Embauche d'un employé avec les infos suivantes : nom:Joel ,prenom: Bill , poste: COMMERCIAL , niveau d'étude: LICENCE , taux d'activité 1.0 
2021-02-17 21:40:10 - WARN  - matricule par defaut affecté
2021-02-17 21:40:10 - INFO  - employe enregistrer: Employe{, nom='Joel', prenom='Bill', matricule='C00001', dateEmbauche=2021-02-17, salaire=1825.46, performance=1, tempsPartiel=1.0}
2021-02-17 21:40:10 - INFO  - Embauche d'un employé avec les infos suivantes : nom:Joel ,prenom: Bill , poste: COMMERCIAL , niveau d'étude: LICENCE , taux d'activité 1.0 
2021-02-17 21:40:10 - WARN  - matricule par defaut affecté
2021-02-17 21:40:10 - INFO  - employe enregistrer: Employe{, nom='Joel', prenom='Bill', matricule='C00001', dateEmbauche=2021-02-17, salaire=1825.46, performance=1, tempsPartiel=1.0}
2021-02-17 21:40:10 - INFO  - Embauche d'un employé avec les infos suivantes : nom:Joel ,prenom: Bill , poste: COMMERCIAL , niveau d'étude: LICENCE , taux d'activité 1.0 
2021-02-17 21:40:10 - WARN  - matricule par defaut affecté
2021-02-17 21:40:10 - INFO  - employe enregistrer: Employe{, nom='Joel', prenom='Bill', matricule='C00001', dateEmbauche=2021-02-17, salaire=1825.46, performance=1, tempsPartiel=1.0}
2021-02-17 21:40:10 - INFO  - Embauche d'un employé avec les infos suivantes : nom:Joel ,prenom: Bill , poste: COMMERCIAL , niveau d'étude: LICENCE , taux d'activité 1.0 
2021-02-17 21:40:10 - WARN  - matricule par defaut affecté
2021-02-17 21:40:10 - INFO  - employe enregistrer: Employe{, nom='Joel', prenom='Bill', matricule='C00001', dateEmbauche=2021-02-17, salaire=1825.46, performance=1, tempsPartiel=1.0}
2021-02-17 21:40:10 - INFO  - Embauche d'un employé avec les infos suivantes : nom:Joel ,prenom: Bill , poste: COMMERCIAL , niveau d'étude: LICENCE , taux d'activité 1.0 
2021-02-17 21:40:10 - WARN  - matricule par defaut affecté
2021-02-17 21:40:10 - INFO  - employe enregistrer: Employe{, nom='Joel', prenom='Bill', matricule='C00001', dateEmbauche=2021-02-17, salaire=1825.46, performance=1, tempsPartiel=1.0}
2021-02-17 21:40:10 - INFO  - Embauche d'un employé avec les infos suivantes : nom:Doe ,prenom: John , poste: TECHNICIEN , niveau d'étude: BTS_IUT , taux d'activité 1.0 
2021-02-17 21:40:10 - WARN  - matricule par defaut affecté
2021-02-17 21:40:10 - INFO  - employe enregistrer: Employe{, nom='Doe', prenom='John', matricule='T00001', dateEmbauche=2021-02-17, salaire=1825.46, performance=1, tempsPartiel=1.0}
2021-02-17 21:42:31 - INFO  - Starting EmployeServiceIntegrationTest on DESKTOP-P0UDKGU with PID 4592 (started by fabrice ferrere in H:\ALL GIT\Java git prof\ipi-java-350-ex)
2021-02-17 21:42:31 - INFO  - No active profile set, falling back to default profiles: default
2021-02-17 21:42:33 - INFO  - Started EmployeServiceIntegrationTest in 1.846 seconds (JVM running for 2.569)
2021-02-17 21:42:33 - INFO  - Embauche d'un employé avec les infos suivantes : nom:Joel ,prenom: Bill , poste: COMMERCIAL , niveau d'étude: LICENCE , taux d'activité 1.0 
2021-02-17 21:42:33 - WARN  - matricule par defaut affecté
2021-02-17 21:42:33 - INFO  - employe enregistrer: Employe{, nom='Joel', prenom='Bill', matricule='C00001', dateEmbauche=2021-02-17, salaire=1825.46, performance=1, tempsPartiel=1.0}
2021-02-17 21:42:33 - INFO  - Embauche d'un employé avec les infos suivantes : nom:Jobs ,prenom: Steve , poste: COMMERCIAL , niveau d'étude: LICENCE , taux d'activité 1.0 
2021-02-17 21:42:33 - INFO  - employe enregistrer: Employe{, nom='Jobs', prenom='Steve', matricule='C00002', dateEmbauche=2021-02-17, salaire=1825.46, performance=1, tempsPartiel=1.0}
2021-02-17 21:42:46 - INFO  - Starting EmployeServiceIntegrationTest on DESKTOP-P0UDKGU with PID 15288 (started by fabrice ferrere in H:\ALL GIT\Java git prof\ipi-java-350-ex)
2021-02-17 21:42:46 - INFO  - No active profile set, falling back to default profiles: default
2021-02-17 21:42:48 - INFO  - Started EmployeServiceIntegrationTest in 1.814 seconds (JVM running for 2.543)
2021-02-17 21:42:48 - INFO  - Embauche d'un employé avec les infos suivantes : nom:Joel ,prenom: Bill , poste: COMMERCIAL , niveau d'étude: LICENCE , taux d'activité 1.0 
2021-02-17 21:42:48 - WARN  - matricule par defaut affecté
2021-02-17 21:42:48 - INFO  - employe enregistrer: Employe{, nom='Joel', prenom='Bill', matricule='C00001', dateEmbauche=2021-02-17, salaire=1825.46, performance=1, tempsPartiel=1.0}
2021-02-17 21:42:48 - INFO  - Embauche d'un employé avec les infos suivantes : nom:Jobs ,prenom: Steve , poste: COMMERCIAL , niveau d'étude: LICENCE , taux d'activité 1.0 
2021-02-17 21:42:48 - INFO  - employe enregistrer: Employe{, nom='Jobs', prenom='Steve', matricule='C00002', dateEmbauche=2021-02-17, salaire=1825.46, performance=1, tempsPartiel=1.0}
2021-02-17 21:42:48 - INFO  - Embauche d'un employé avec les infos suivantes : nom:Joel ,prenom: Bill , poste: COMMERCIAL , niveau d'étude: LICENCE , taux d'activité 1.0 
2021-02-17 21:42:48 - WARN  - matricule par defaut affecté
2021-02-17 21:42:48 - INFO  - employe enregistrer: Employe{, nom='Joel', prenom='Bill', matricule='C00001', dateEmbauche=2021-02-17, salaire=1825.46, performance=1, tempsPartiel=1.0}
2021-02-17 21:42:48 - INFO  - Embauche d'un employé avec les infos suivantes : nom:Joel ,prenom: Bill , poste: COMMERCIAL , niveau d'étude: LICENCE , taux d'activité 1.0 
2021-02-17 21:42:48 - WARN  - matricule par defaut affecté
2021-02-17 21:42:48 - INFO  - employe enregistrer: Employe{, nom='Joel', prenom='Bill', matricule='C00001', dateEmbauche=2021-02-17, salaire=1825.46, performance=1, tempsPartiel=1.0}
2021-02-17 21:42:48 - INFO  - Embauche d'un employé avec les infos suivantes : nom:Joel ,prenom: Bill , poste: COMMERCIAL , niveau d'étude: LICENCE , taux d'activité 1.0 
2021-02-17 21:42:48 - WARN  - matricule par defaut affecté
2021-02-17 21:42:48 - INFO  - employe enregistrer: Employe{, nom='Joel', prenom='Bill', matricule='C00001', dateEmbauche=2021-02-17, salaire=1825.46, performance=1, tempsPartiel=1.0}
2021-02-17 21:42:48 - INFO  - Embauche d'un employé avec les infos suivantes : nom:Joel ,prenom: Bill , poste: COMMERCIAL , niveau d'étude: LICENCE , taux d'activité 1.0 
2021-02-17 21:42:48 - WARN  - matricule par defaut affecté
2021-02-17 21:42:48 - INFO  - employe enregistrer: Employe{, nom='Joel', prenom='Bill', matricule='C00001', dateEmbauche=2021-02-17, salaire=1825.46, performance=1, tempsPartiel=1.0}
2021-02-17 21:42:48 - INFO  - Embauche d'un employé avec les infos suivantes : nom:Joel ,prenom: Bill , poste: COMMERCIAL , niveau d'étude: LICENCE , taux d'activité 1.0 
2021-02-17 21:42:48 - WARN  - matricule par defaut affecté
2021-02-17 21:42:48 - INFO  - employe enregistrer: Employe{, nom='Joel', prenom='Bill', matricule='C00001', dateEmbauche=2021-02-17, salaire=1825.46, performance=1, tempsPartiel=1.0}
2021-02-17 21:42:48 - INFO  - Embauche d'un employé avec les infos suivantes : nom:Doe ,prenom: John , poste: TECHNICIEN , niveau d'étude: BTS_IUT , taux d'activité 1.0 
2021-02-17 21:42:48 - WARN  - matricule par defaut affecté
2021-02-17 21:42:48 - INFO  - employe enregistrer: Employe{, nom='Doe', prenom='John', matricule='T00001', dateEmbauche=2021-02-17, salaire=1825.46, performance=1, tempsPartiel=1.0}
2021-02-17 21:48:40 - INFO  - Starting EmployeServiceIntegrationTest on DESKTOP-P0UDKGU with PID 19372 (started by fabrice ferrere in H:\ALL GIT\Java git prof\ipi-java-350-ex)
2021-02-17 21:48:40 - INFO  - No active profile set, falling back to default profiles: default
2021-02-17 21:48:41 - INFO  - Started EmployeServiceIntegrationTest in 1.806 seconds (JVM running for 2.535)
2021-02-17 21:48:42 - INFO  - Embauche d'un employé avec les infos suivantes : nom:Joel ,prenom: Bill , poste: COMMERCIAL , niveau d'étude: LICENCE , taux d'activité 1.0 
2021-02-17 21:48:42 - WARN  - matricule par defaut affecté
2021-02-17 21:48:42 - INFO  - employe enregistrer: Employe{, nom='Joel', prenom='Bill', matricule='C00001', dateEmbauche=2021-02-17, salaire=1825.46, performance=1, tempsPartiel=1.0}
