2021-02-21 16:07:44 - INFO  - Embauche d'un employé avec les infos suivantes : nom:Doe ,prenom: John , poste: TECHNICIEN , niveau d'étude: BTS_IUT , taux d'activité 1.0 
2021-02-21 16:07:44 - WARN  - matricule par defaut affecté
2021-02-21 16:07:44 - ERROR - L'employé de matricule T00001 existe déjà en BDD
2021-02-21 16:07:44 - INFO  - Embauche d'un employé avec les infos suivantes : nom:Doe ,prenom: John , poste: TECHNICIEN , niveau d'étude: BTS_IUT , taux d'activité 1.0 
2021-02-21 16:07:44 - WARN  - matricule par defaut affecté
2021-02-21 16:07:44 - INFO  - employe enregistrer: Employe{, nom='Doe', prenom='John', matricule='T00001', dateEmbauche=2021-02-21, salaire=1825.46, performance=1, tempsPartiel=1.0}
2021-02-21 16:07:44 - INFO  - Embauche d'un employé avec les infos suivantes : nom:Doe ,prenom: John , poste: TECHNICIEN , niveau d'étude: BTS_IUT , taux d'activité 1.0 
2021-02-21 16:07:44 - ERROR - Limite des 100000 matricules atteinte !
2021-02-21 16:08:05 - INFO  - Starting EmployeRepositoryTest on DESKTOP-P0UDKGU with PID 11568 (started by fabrice ferrere in H:\ALL GIT\Java git prof\ipi-java-350-ex)
2021-02-21 16:08:05 - INFO  - No active profile set, falling back to default profiles: default
2021-02-21 16:08:07 - INFO  - Started EmployeRepositoryTest in 1.682 seconds (JVM running for 2.438)
2021-02-21 16:12:13 - INFO  - employé performance 1 , performance attendu 1
2021-02-21 16:53:21 - INFO  - Starting EmployeRepositoryTest on DESKTOP-P0UDKGU with PID 7996 (started by fabrice ferrere in H:\ALL GIT\Java git prof\ipi-java-350-ex)
2021-02-21 16:53:21 - INFO  - No active profile set, falling back to default profiles: default
2021-02-21 16:53:23 - INFO  - Started EmployeRepositoryTest in 1.704 seconds (JVM running for 2.733)
2021-02-21 16:53:23 - INFO  - Starting EmployeServiceIntegrationTest on DESKTOP-P0UDKGU with PID 7996 (started by fabrice ferrere in H:\ALL GIT\Java git prof\ipi-java-350-ex)
2021-02-21 16:53:23 - INFO  - No active profile set, falling back to default profiles: default
2021-02-21 16:53:23 - INFO  - Started EmployeServiceIntegrationTest in 0.342 seconds (JVM running for 3.282)
2021-02-21 16:53:23 - INFO  - Embauche d'un employé avec les infos suivantes : nom:Joel ,prenom: Bill , poste: COMMERCIAL , niveau d'étude: LICENCE , taux d'activité 1.0 
2021-02-21 16:53:23 - WARN  - matricule par defaut affecté
2021-02-21 16:53:23 - INFO  - employe enregistrer: Employe{, nom='Joel', prenom='Bill', matricule='C00001', dateEmbauche=2021-02-21, salaire=1825.46, performance=1, tempsPartiel=1.0}
2021-02-21 16:53:23 - INFO  - Embauche d'un employé avec les infos suivantes : nom:Joel ,prenom: Bill , poste: COMMERCIAL , niveau d'étude: LICENCE , taux d'activité 1.0 
2021-02-21 16:53:23 - WARN  - matricule par defaut affecté
2021-02-21 16:53:23 - INFO  - employe enregistrer: Employe{, nom='Joel', prenom='Bill', matricule='C00001', dateEmbauche=2021-02-21, salaire=1825.46, performance=1, tempsPartiel=1.0}
2021-02-21 16:53:23 - INFO  - Embauche d'un employé avec les infos suivantes : nom:Joel ,prenom: Bill , poste: COMMERCIAL , niveau d'étude: LICENCE , taux d'activité 1.0 
2021-02-21 16:53:23 - WARN  - matricule par defaut affecté
2021-02-21 16:53:23 - INFO  - employe enregistrer: Employe{, nom='Joel', prenom='Bill', matricule='C00001', dateEmbauche=2021-02-21, salaire=1825.46, performance=1, tempsPartiel=1.0}
2021-02-21 16:53:23 - INFO  - Embauche d'un employé avec les infos suivantes : nom:Joel ,prenom: Bill , poste: COMMERCIAL , niveau d'étude: LICENCE , taux d'activité 1.0 
2021-02-21 16:53:23 - WARN  - matricule par defaut affecté
2021-02-21 16:53:23 - INFO  - employe enregistrer: Employe{, nom='Joel', prenom='Bill', matricule='C00001', dateEmbauche=2021-02-21, salaire=1825.46, performance=1, tempsPartiel=1.0}
2021-02-21 16:53:24 - INFO  - Embauche d'un employé avec les infos suivantes : nom:Joel ,prenom: Bill , poste: COMMERCIAL , niveau d'étude: LICENCE , taux d'activité 1.0 
2021-02-21 16:53:24 - WARN  - matricule par defaut affecté
2021-02-21 16:53:24 - INFO  - employe enregistrer: Employe{, nom='Joel', prenom='Bill', matricule='C00001', dateEmbauche=2021-02-21, salaire=1825.46, performance=1, tempsPartiel=1.0}
2021-02-21 16:53:24 - INFO  - Embauche d'un employé avec les infos suivantes : nom:Joel ,prenom: Bill , poste: COMMERCIAL , niveau d'étude: LICENCE , taux d'activité 1.0 
2021-02-21 16:53:24 - WARN  - matricule par defaut affecté
2021-02-21 16:53:24 - INFO  - employe enregistrer: Employe{, nom='Joel', prenom='Bill', matricule='C00001', dateEmbauche=2021-02-21, salaire=1825.46, performance=1, tempsPartiel=1.0}
2021-02-21 16:53:24 - INFO  - Embauche d'un employé avec les infos suivantes : nom:Jobs ,prenom: Steve , poste: COMMERCIAL , niveau d'étude: LICENCE , taux d'activité 1.0 
2021-02-21 16:53:24 - INFO  - employe enregistrer: Employe{, nom='Jobs', prenom='Steve', matricule='C00002', dateEmbauche=2021-02-21, salaire=1825.46, performance=1, tempsPartiel=1.0}
2021-02-21 16:53:24 - INFO  - Embauche d'un employé avec les infos suivantes : nom:Doe ,prenom: John , poste: TECHNICIEN , niveau d'étude: BTS_IUT , taux d'activité 1.0 
2021-02-21 16:53:24 - WARN  - matricule par defaut affecté
2021-02-21 16:53:24 - INFO  - employe enregistrer: Employe{, nom='Doe', prenom='John', matricule='T00001', dateEmbauche=2021-02-21, salaire=1825.46, performance=1, tempsPartiel=1.0}
2021-02-21 16:53:24 - INFO  - Embauche d'un employé avec les infos suivantes : nom:Doe ,prenom: John , poste: TECHNICIEN , niveau d'étude: BTS_IUT , taux d'activité 1.0 
2021-02-21 16:53:24 - WARN  - matricule par defaut affecté
2021-02-21 16:53:24 - ERROR - L'employé de matricule T00001 existe déjà en BDD
2021-02-21 16:53:24 - INFO  - Embauche d'un employé avec les infos suivantes : nom:Doe ,prenom: John , poste: TECHNICIEN , niveau d'étude: BTS_IUT , taux d'activité 1.0 
2021-02-21 16:53:24 - ERROR - Limite des 100000 matricules atteinte !
2021-02-21 16:53:24 - INFO  - Embauche d'un employé avec les infos suivantes : nom:Doe ,prenom: John , poste: TECHNICIEN , niveau d'étude: BTS_IUT , taux d'activité 1.0 
2021-02-21 16:53:24 - WARN  - matricule par defaut affecté
2021-02-21 16:53:24 - INFO  - employe enregistrer: Employe{, nom='Doe', prenom='John', matricule='T00001', dateEmbauche=2021-02-21, salaire=1825.46, performance=1, tempsPartiel=1.0}
2021-02-21 16:53:25 - INFO  - Starting EmployeRepositoryTest on DESKTOP-P0UDKGU with PID 16676 (started by fabrice ferrere in H:\ALL GIT\Java git prof\ipi-java-350-ex)
2021-02-21 16:53:25 - INFO  - No active profile set, falling back to default profiles: default
2021-02-21 16:53:27 - INFO  - Started EmployeRepositoryTest in 1.738 seconds (JVM running for 2.866)
2021-02-21 16:53:27 - INFO  - Starting EmployeServiceIntegrationTest on DESKTOP-P0UDKGU with PID 16676 (started by fabrice ferrere in H:\ALL GIT\Java git prof\ipi-java-350-ex)
2021-02-21 16:53:27 - INFO  - No active profile set, falling back to default profiles: default
2021-02-21 16:53:27 - INFO  - Started EmployeServiceIntegrationTest in 0.346 seconds (JVM running for 3.365)
2021-02-21 16:53:27 - INFO  - Embauche d'un employé avec les infos suivantes : nom:Joel ,prenom: Bill , poste: COMMERCIAL , niveau d'étude: LICENCE , taux d'activité 1.0 
2021-02-21 16:53:27 - WARN  - matricule par defaut affecté
2021-02-21 16:53:27 - INFO  - employe enregistrer: Employe{, nom='Joel', prenom='Bill', matricule='C00001', dateEmbauche=2021-02-21, salaire=1825.46, performance=1, tempsPartiel=1.0}
2021-02-21 16:53:27 - INFO  - Embauche d'un employé avec les infos suivantes : nom:Joel ,prenom: Bill , poste: COMMERCIAL , niveau d'étude: LICENCE , taux d'activité 1.0 
2021-02-21 16:53:27 - INFO  - employe enregistrer: Employe{, nom='Joel', prenom='Bill', matricule='C00002', dateEmbauche=2021-02-21, salaire=1825.46, performance=1, tempsPartiel=1.0}
2021-02-21 16:53:27 - INFO  - Embauche d'un employé avec les infos suivantes : nom:Doe ,prenom: John , poste: TECHNICIEN , niveau d'étude: BTS_IUT , taux d'activité 1.0 
2021-02-21 16:53:27 - INFO  - employe enregistrer: Employe{, nom='Doe', prenom='John', matricule='T00003', dateEmbauche=2021-02-21, salaire=1825.46, performance=1, tempsPartiel=1.0}
2021-02-21 16:53:28 - INFO  - Embauche d'un employé avec les infos suivantes : nom:Doe ,prenom: John , poste: TECHNICIEN , niveau d'étude: BTS_IUT , taux d'activité 1.0 
2021-02-21 16:53:28 - WARN  - matricule par defaut affecté
2021-02-21 16:53:28 - INFO  - employe enregistrer: 
2021-02-21 16:53:28 - INFO  - Embauche d'un employé avec les infos suivantes : nom:Joel ,prenom: Bill , poste: COMMERCIAL , niveau d'étude: LICENCE , taux d'activité 1.0 
2021-02-21 16:53:28 - WARN  - matricule par defaut affecté
2021-02-21 16:53:28 - INFO  - employe enregistrer: 
2021-02-21 16:53:28 - INFO  - Embauche d'un employé avec les infos suivantes : nom:Joel ,prenom: Bill , poste: COMMERCIAL , niveau d'étude: LICENCE , taux d'activité 1.0 
2021-02-21 16:53:28 - WARN  - matricule par defaut affecté
2021-02-21 16:53:28 - INFO  - employe enregistrer: 
2021-02-21 16:53:28 - INFO  - Embauche d'un employé avec les infos suivantes : nom:Doe ,prenom: John , poste: TECHNICIEN , niveau d'étude: BTS_IUT , taux d'activité 1.0 
2021-02-21 16:53:28 - WARN  - matricule par defaut affecté
2021-02-21 16:53:28 - INFO  - employe enregistrer: 
2021-02-21 16:53:28 - INFO  - Embauche d'un employé avec les infos suivantes : nom:Joel ,prenom: Bill , poste: COMMERCIAL , niveau d'étude: LICENCE , taux d'activité 1.0 
2021-02-21 16:53:28 - WARN  - matricule par defaut affecté
2021-02-21 16:53:28 - INFO  - employe enregistrer: 
2021-02-21 16:53:28 - INFO  - Embauche d'un employé avec les infos suivantes : nom:Joel ,prenom: Bill , poste: COMMERCIAL , niveau d'étude: LICENCE , taux d'activité 1.0 
2021-02-21 16:53:28 - WARN  - matricule par defaut affecté
2021-02-21 16:53:28 - INFO  - employe enregistrer: 
2021-02-21 16:53:28 - INFO  - Embauche d'un employé avec les infos suivantes : nom:Jobs ,prenom: Steve , poste: COMMERCIAL , niveau d'étude: LICENCE , taux d'activité 1.0 
2021-02-21 16:53:28 - INFO  - employe enregistrer: 
2021-02-21 16:53:28 - INFO  - Embauche d'un employé avec les infos suivantes : nom:Joel ,prenom: Bill , poste: COMMERCIAL , niveau d'étude: LICENCE , taux d'activité 1.0 
2021-02-21 16:53:28 - WARN  - matricule par defaut affecté
2021-02-21 16:53:28 - INFO  - employe enregistrer: 
2021-02-21 16:53:28 - INFO  - Embauche d'un employé avec les infos suivantes : nom:Joel ,prenom: Bill , poste: COMMERCIAL , niveau d'étude: LICENCE , taux d'activité 1.0 
2021-02-21 16:53:28 - WARN  - matricule par defaut affecté
2021-02-21 16:53:28 - INFO  - employe enregistrer: 
2021-02-21 16:53:28 - INFO  - Embauche d'un employé avec les infos suivantes : nom:Doe ,prenom: John , poste: TECHNICIEN , niveau d'étude: BTS_IUT , taux d'activité 1.0 
2021-02-21 16:53:28 - WARN  - matricule par defaut affecté
2021-02-21 16:53:28 - INFO  - employe enregistrer: Employe{, nom='Doe', prenom='John', matricule='T00001', dateEmbauche=2021-02-21, salaire=1825.46, performance=1, tempsPartiel=1.0}
2021-02-21 16:53:28 - INFO  - Embauche d'un employé avec les infos suivantes : nom:Doe ,prenom: John , poste: TECHNICIEN , niveau d'étude: BTS_IUT , taux d'activité 1.0 
2021-02-21 16:53:28 - WARN  - matricule par defaut affecté
2021-02-21 16:53:28 - INFO  - employe enregistrer: Employe{, nom='Doe', prenom='John', matricule='T00001', dateEmbauche=2021-02-21, salaire=1825.46, performance=1, tempsPartiel=1.0}
2021-02-21 16:53:28 - INFO  - Embauche d'un employé avec les infos suivantes : nom:Doe ,prenom: John , poste: TECHNICIEN , niveau d'étude: BTS_IUT , taux d'activité 1.0 
2021-02-21 16:53:28 - WARN  - matricule par defaut affecté
2021-02-21 16:53:28 - INFO  - employe enregistrer: Employe{, nom='Doe', prenom='John', matricule='T00001', dateEmbauche=2021-02-21, salaire=1825.46, performance=1, tempsPartiel=1.0}
2021-02-21 16:53:29 - INFO  - Embauche d'un employé avec les infos suivantes : nom:Doe ,prenom: John , poste: TECHNICIEN , niveau d'étude: BTS_IUT , taux d'activité 1.0 
2021-02-21 16:53:29 - WARN  - matricule par defaut affecté
2021-02-21 16:53:29 - INFO  - employe enregistrer: Employe{, nom='Doe', prenom='John', matricule='T00001', dateEmbauche=2021-02-21, salaire=1825.46, performance=1, tempsPartiel=1.0}
2021-02-21 16:53:30 - INFO  - Embauche d'un employé avec les infos suivantes : nom:Doe ,prenom: John , poste: TECHNICIEN , niveau d'étude: BTS_IUT , taux d'activité 1.0 
2021-02-21 16:53:30 - INFO  - Starting EmployeServiceIntegrationTest on DESKTOP-P0UDKGU with PID 11072 (started by fabrice ferrere in H:\ALL GIT\Java git prof\ipi-java-350-ex)
2021-02-21 16:53:30 - INFO  - No active profile set, falling back to default profiles: default
2021-02-21 16:53:32 - INFO  - Started EmployeServiceIntegrationTest in 1.644 seconds (JVM running for 2.96)
2021-02-21 16:53:32 - INFO  - Embauche d'un employé avec les infos suivantes : nom:Joel ,prenom: Bill , poste: COMMERCIAL , niveau d'étude: LICENCE , taux d'activité 1.0 
2021-02-21 16:53:32 - WARN  - matricule par defaut affecté
2021-02-21 16:53:32 - INFO  - employe enregistrer: Employe{, nom='Joel', prenom='Bill', matricule='C00001', dateEmbauche=2021-02-21, salaire=1825.46, performance=1, tempsPartiel=1.0}
2021-02-21 16:53:32 - INFO  - Embauche d'un employé avec les infos suivantes : nom:Joel ,prenom: Bill , poste: COMMERCIAL , niveau d'étude: LICENCE , taux d'activité 1.0 
2021-02-21 16:53:32 - WARN  - matricule par defaut affecté
2021-02-21 16:53:32 - INFO  - employe enregistrer: Employe{, nom='Joel', prenom='Bill', matricule='C00001', dateEmbauche=2021-02-21, salaire=1825.46, performance=1, tempsPartiel=1.0}
2021-02-21 16:53:32 - INFO  - Embauche d'un employé avec les infos suivantes : nom:Joel ,prenom: Bill , poste: COMMERCIAL , niveau d'étude: LICENCE , taux d'activité 1.0 
2021-02-21 16:53:32 - WARN  - matricule par defaut affecté
2021-02-21 16:53:32 - INFO  - employe enregistrer: Employe{, nom='Joel', prenom='Bill', matricule='C00001', dateEmbauche=2021-02-21, salaire=1825.46, performance=1, tempsPartiel=1.0}
2021-02-21 16:53:32 - INFO  - Embauche d'un employé avec les infos suivantes : nom:Joel ,prenom: Bill , poste: COMMERCIAL , niveau d'étude: LICENCE , taux d'activité 1.0 
2021-02-21 16:53:32 - WARN  - matricule par defaut affecté
2021-02-21 16:53:32 - INFO  - employe enregistrer: Employe{, nom='Joel', prenom='Bill', matricule='C00001', dateEmbauche=2021-02-21, salaire=1825.46, performance=1, tempsPartiel=1.0}
2021-02-21 16:53:32 - INFO  - Embauche d'un employé avec les infos suivantes : nom:Jobs ,prenom: Steve , poste: COMMERCIAL , niveau d'étude: LICENCE , taux d'activité 1.0 
2021-02-21 16:53:32 - INFO  - employe enregistrer: Employe{, nom='Jobs', prenom='Steve', matricule='C00002', dateEmbauche=2021-02-21, salaire=1825.46, performance=1, tempsPartiel=1.0}
2021-02-21 16:53:32 - INFO  - Embauche d'un employé avec les infos suivantes : nom:Joel ,prenom: Bill , poste: COMMERCIAL , niveau d'étude: LICENCE , taux d'activité 1.0 
2021-02-21 16:53:32 - WARN  - matricule par defaut affecté
2021-02-21 16:53:32 - INFO  - employe enregistrer: Employe{, nom='Joel', prenom='Bill', matricule='C00001', dateEmbauche=2021-02-21, salaire=1825.46, performance=1, tempsPartiel=1.0}
2021-02-21 16:53:32 - INFO  - Embauche d'un employé avec les infos suivantes : nom:Joel ,prenom: Bill , poste: COMMERCIAL , niveau d'étude: LICENCE , taux d'activité 1.0 
2021-02-21 16:53:32 - WARN  - matricule par defaut affecté
2021-02-21 16:53:32 - INFO  - employe enregistrer: Employe{, nom='Joel', prenom='Bill', matricule='C00001', dateEmbauche=2021-02-21, salaire=1825.46, performance=1, tempsPartiel=1.0}
2021-02-21 16:53:32 - INFO  - Embauche d'un employé avec les infos suivantes : nom:Joel ,prenom: Bill , poste: COMMERCIAL , niveau d'étude: LICENCE , taux d'activité 1.0 
2021-02-21 16:53:32 - WARN  - matricule par defaut affecté
2021-02-21 16:53:32 - INFO  - employe enregistrer: Employe{, nom='Joel', prenom='Bill', matricule='C00001', dateEmbauche=2021-02-21, salaire=1825.46, performance=1, tempsPartiel=1.0}
2021-02-21 16:53:32 - INFO  - Embauche d'un employé avec les infos suivantes : nom:Joel ,prenom: Bill , poste: COMMERCIAL , niveau d'étude: LICENCE , taux d'activité 1.0 
2021-02-21 16:53:32 - WARN  - matricule par defaut affecté
2021-02-21 16:53:32 - INFO  - employe enregistrer: Employe{, nom='Joel', prenom='Bill', matricule='C00001', dateEmbauche=2021-02-21, salaire=1825.46, performance=1, tempsPartiel=1.0}
2021-02-21 16:53:32 - INFO  - Embauche d'un employé avec les infos suivantes : nom:Joel ,prenom: Bill , poste: COMMERCIAL , niveau d'étude: LICENCE , taux d'activité 1.0 
2021-02-21 16:53:32 - WARN  - matricule par defaut affecté
2021-02-21 16:53:32 - INFO  - employe enregistrer: Employe{, nom='Joel', prenom='Bill', matricule='C00001', dateEmbauche=2021-02-21, salaire=1825.46, performance=1, tempsPartiel=1.0}
2021-02-21 16:53:32 - INFO  - Embauche d'un employé avec les infos suivantes : nom:Joel ,prenom: Bill , poste: COMMERCIAL , niveau d'étude: LICENCE , taux d'activité 1.0 
2021-02-21 16:53:32 - WARN  - matricule par defaut affecté
2021-02-21 16:53:32 - INFO  - employe enregistrer: Employe{, nom='Joel', prenom='Bill', matricule='C00001', dateEmbauche=2021-02-21, salaire=1825.46, performance=1, tempsPartiel=1.0}
2021-02-21 16:53:32 - INFO  - Embauche d'un employé avec les infos suivantes : nom:Jobs ,prenom: Steve , poste: COMMERCIAL , niveau d'étude: LICENCE , taux d'activité 1.0 
2021-02-21 16:53:32 - INFO  - employe enregistrer: Employe{, nom='Jobs', prenom='Steve', matricule='C00002', dateEmbauche=2021-02-21, salaire=1825.46, performance=1, tempsPartiel=1.0}
2021-02-21 16:53:32 - INFO  - Embauche d'un employé avec les infos suivantes : nom:Joel ,prenom: Bill , poste: COMMERCIAL , niveau d'étude: LICENCE , taux d'activité 1.0 
2021-02-21 16:53:32 - WARN  - matricule par defaut affecté
2021-02-21 16:53:32 - INFO  - employe enregistrer: Employe{, nom='Joel', prenom='Bill', matricule='C00001', dateEmbauche=2021-02-21, salaire=1825.46, performance=1, tempsPartiel=1.0}
2021-02-21 16:53:32 - INFO  - Embauche d'un employé avec les infos suivantes : nom:Doe ,prenom: John , poste: TECHNICIEN , niveau d'étude: BTS_IUT , taux d'activité 1.0 
2021-02-21 16:53:32 - WARN  - matricule par defaut affecté
2021-02-21 16:53:33 - INFO  - Embauche d'un employé avec les infos suivantes : nom:Joel ,prenom: Bill , poste: COMMERCIAL , niveau d'étude: LICENCE , taux d'activité 1.0 
2021-02-21 16:53:33 - WARN  - matricule par defaut affecté
2021-02-21 16:53:33 - INFO  - employe enregistrer: Employe{, nom='Joel', prenom='Bill', matricule='C00001', dateEmbauche=2021-02-21, salaire=1825.46, performance=1, tempsPartiel=1.0}
2021-02-21 16:53:33 - INFO  - Embauche d'un employé avec les infos suivantes : nom:Joel ,prenom: Bill , poste: COMMERCIAL , niveau d'étude: LICENCE , taux d'activité 1.0 
2021-02-21 16:53:33 - WARN  - matricule par defaut affecté
2021-02-21 16:53:33 - INFO  - employe enregistrer: Employe{, nom='Joel', prenom='Bill', matricule='C00001', dateEmbauche=2021-02-21, salaire=1825.46, performance=1, tempsPartiel=1.0}
2021-02-21 16:53:33 - INFO  - Embauche d'un employé avec les infos suivantes : nom:Joel ,prenom: Bill , poste: COMMERCIAL , niveau d'étude: LICENCE , taux d'activité 1.0 
2021-02-21 16:53:33 - WARN  - matricule par defaut affecté
2021-02-21 16:53:33 - INFO  - employe enregistrer: Employe{, nom='Joel', prenom='Bill', matricule='C00001', dateEmbauche=2021-02-21, salaire=1825.46, performance=1, tempsPartiel=1.0}
2021-02-21 16:53:33 - INFO  - Embauche d'un employé avec les infos suivantes : nom:Jobs ,prenom: Steve , poste: COMMERCIAL , niveau d'étude: LICENCE , taux d'activité 1.0 
2021-02-21 16:53:33 - INFO  - employe enregistrer: Employe{, nom='Jobs', prenom='Steve', matricule='C00002', dateEmbauche=2021-02-21, salaire=1825.46, performance=1, tempsPartiel=1.0}
2021-02-21 16:53:33 - INFO  - Embauche d'un employé avec les infos suivantes : nom:Joel ,prenom: Bill , poste: COMMERCIAL , niveau d'étude: LICENCE , taux d'activité 1.0 
2021-02-21 16:53:33 - WARN  - matricule par defaut affecté
2021-02-21 16:53:33 - INFO  - employe enregistrer: Employe{, nom='Joel', prenom='Bill', matricule='C00001', dateEmbauche=2021-02-21, salaire=1825.46, performance=1, tempsPartiel=1.0}
2021-02-21 16:53:33 - INFO  - Embauche d'un employé avec les infos suivantes : nom:Joel ,prenom: Bill , poste: COMMERCIAL , niveau d'étude: LICENCE , taux d'activité 1.0 
2021-02-21 16:53:33 - WARN  - matricule par defaut affecté
2021-02-21 16:53:33 - INFO  - employe enregistrer: Employe{, nom='Joel', prenom='Bill', matricule='C00001', dateEmbauche=2021-02-21, salaire=1825.46, performance=1, tempsPartiel=1.0}
2021-02-21 16:53:33 - INFO  - Embauche d'un employé avec les infos suivantes : nom:Joel ,prenom: Bill , poste: COMMERCIAL , niveau d'étude: LICENCE , taux d'activité 1.0 
2021-02-21 16:53:33 - WARN  - matricule par defaut affecté
2021-02-21 16:53:33 - INFO  - employe enregistrer: Employe{, nom='Joel', prenom='Bill', matricule='C00001', dateEmbauche=2021-02-21, salaire=1825.46, performance=1, tempsPartiel=1.0}
2021-02-21 16:53:33 - INFO  - Embauche d'un employé avec les infos suivantes : nom:Jobs ,prenom: Steve , poste: COMMERCIAL , niveau d'étude: LICENCE , taux d'activité 1.0 
2021-02-21 16:53:33 - INFO  - employe enregistrer: Employe{, nom='Jobs', prenom='Steve', matricule='C00002', dateEmbauche=2021-02-21, salaire=1825.46, performance=1, tempsPartiel=1.0}
2021-02-21 16:53:33 - INFO  - Embauche d'un employé avec les infos suivantes : nom:Joel ,prenom: Bill , poste: COMMERCIAL , niveau d'étude: LICENCE , taux d'activité 1.0 
2021-02-21 16:53:33 - WARN  - matricule par defaut affecté
2021-02-21 16:53:33 - INFO  - employe enregistrer: Employe{, nom='Joel', prenom='Bill', matricule='C00001', dateEmbauche=2021-02-21, salaire=1825.46, performance=1, tempsPartiel=1.0}
2021-02-21 16:53:33 - INFO  - Embauche d'un employé avec les infos suivantes : nom:Joel ,prenom: Bill , poste: COMMERCIAL , niveau d'étude: LICENCE , taux d'activité 1.0 
2021-02-21 16:53:33 - WARN  - matricule par defaut affecté
2021-02-21 16:53:33 - INFO  - employe enregistrer: Employe{, nom='Joel', prenom='Bill', matricule='C00001', dateEmbauche=2021-02-21, salaire=1825.46, performance=1, tempsPartiel=1.0}
2021-02-21 16:53:33 - INFO  - Embauche d'un employé avec les infos suivantes : nom:Joel ,prenom: Bill , poste: COMMERCIAL , niveau d'étude: LICENCE , taux d'activité 1.0 
2021-02-21 16:53:33 - WARN  - matricule par defaut affecté
2021-02-21 16:53:33 - INFO  - employe enregistrer: Employe{, nom='Joel', prenom='Bill', matricule='C00001', dateEmbauche=2021-02-21, salaire=1825.46, performance=1, tempsPartiel=1.0}
2021-02-21 16:53:33 - INFO  - Embauche d'un employé avec les infos suivantes : nom:Joel ,prenom: Bill , poste: COMMERCIAL , niveau d'étude: LICENCE , taux d'activité 1.0 
2021-02-21 16:53:33 - WARN  - matricule par defaut affecté
2021-02-21 16:53:33 - INFO  - employe enregistrer: Employe{, nom='Joel', prenom='Bill', matricule='C00001', dateEmbauche=2021-02-21, salaire=1825.46, performance=1, tempsPartiel=1.0}
2021-02-21 16:53:33 - INFO  - Embauche d'un employé avec les infos suivantes : nom:Joel ,prenom: Bill , poste: COMMERCIAL , niveau d'étude: LICENCE , taux d'activité 1.0 
2021-02-21 16:53:33 - WARN  - matricule par defaut affecté
2021-02-21 16:53:33 - INFO  - employe enregistrer: Employe{, nom='Joel', prenom='Bill', matricule='C00001', dateEmbauche=2021-02-21, salaire=1825.46, performance=1, tempsPartiel=1.0}
2021-02-21 16:53:33 - INFO  - Embauche d'un employé avec les infos suivantes : nom:Jobs ,prenom: Steve , poste: COMMERCIAL , niveau d'étude: LICENCE , taux d'activité 1.0 
2021-02-21 16:53:33 - INFO  - employe enregistrer: Employe{, nom='Jobs', prenom='Steve', matricule='C00002', dateEmbauche=2021-02-21, salaire=1825.46, performance=1, tempsPartiel=1.0}
2021-02-21 16:53:33 - INFO  - Embauche d'un employé avec les infos suivantes : nom:Joel ,prenom: Bill , poste: COMMERCIAL , niveau d'étude: LICENCE , taux d'activité 1.0 
2021-02-21 16:53:33 - WARN  - matricule par defaut affecté
2021-02-21 16:53:33 - INFO  - employe enregistrer: Employe{, nom='Joel', prenom='Bill', matricule='C00001', dateEmbauche=2021-02-21, salaire=1825.46, performance=1, tempsPartiel=1.0}
2021-02-21 16:53:33 - INFO  - Embauche d'un employé avec les infos suivantes : nom:Doe ,prenom: John , poste: TECHNICIEN , niveau d'étude: BTS_IUT , taux d'activité 1.0 
2021-02-21 16:53:33 - INFO  - Embauche d'un employé avec les infos suivantes : nom:Doe ,prenom: John , poste: TECHNICIEN , niveau d'étude: BTS_IUT , taux d'activité 1.0 
2021-02-21 16:53:33 - WARN  - matricule par defaut affecté
2021-02-21 16:53:33 - ERROR - L'employé de matricule T00001 existe déjà en BDD
2021-02-21 16:53:33 - INFO  - Embauche d'un employé avec les infos suivantes : nom:Doe ,prenom: John , poste: TECHNICIEN , niveau d'étude: BTS_IUT , taux d'activité 1.0 
2021-02-21 16:53:33 - WARN  - matricule par defaut affecté
2021-02-21 16:53:33 - INFO  - employe enregistrer: Employe{, nom='Doe', prenom='John', matricule='T00001', dateEmbauche=2021-02-21, salaire=0.0, performance=1, tempsPartiel=1.0}
2021-02-21 16:53:33 - INFO  - Embauche d'un employé avec les infos suivantes : nom:Doe ,prenom: John , poste: TECHNICIEN , niveau d'étude: BTS_IUT , taux d'activité 1.0 
2021-02-21 16:53:33 - WARN  - matricule par defaut affecté
2021-02-21 16:53:33 - INFO  - employe enregistrer: Employe{, nom='Doe', prenom='John', matricule='T00001', dateEmbauche=2021-02-21, salaire=1825.46, performance=1, tempsPartiel=1.0}
2021-02-21 16:53:33 - INFO  - Embauche d'un employé avec les infos suivantes : nom:Joel ,prenom: Bill , poste: COMMERCIAL , niveau d'étude: LICENCE , taux d'activité 1.0 
2021-02-21 16:53:33 - WARN  - matricule par defaut affecté
2021-02-21 16:53:33 - INFO  - employe enregistrer: Employe{, nom='Joel', prenom='Bill', matricule='C00001', dateEmbauche=2021-02-21, salaire=1825.46, performance=1, tempsPartiel=1.0}
2021-02-21 16:53:33 - INFO  - Embauche d'un employé avec les infos suivantes : nom:Joel ,prenom: Bill , poste: COMMERCIAL , niveau d'étude: LICENCE , taux d'activité 1.0 
2021-02-21 16:53:33 - WARN  - matricule par defaut affecté
2021-02-21 16:53:33 - INFO  - employe enregistrer: Employe{, nom='Joel', prenom='Bill', matricule='C00001', dateEmbauche=2021-02-21, salaire=1825.46, performance=1, tempsPartiel=1.0}
2021-02-21 16:53:33 - INFO  - Embauche d'un employé avec les infos suivantes : nom:Doe ,prenom: John , poste: TECHNICIEN , niveau d'étude: BTS_IUT , taux d'activité 1.0 
2021-02-21 16:53:33 - WARN  - matricule par defaut affecté
2021-02-21 16:53:33 - INFO  - employe enregistrer: Employe{, nom='Doe', prenom='John', matricule='T00001', dateEmbauche=2021-02-21, salaire=1825.46, performance=1, tempsPartiel=1.0}
2021-02-21 16:53:33 - INFO  - Embauche d'un employé avec les infos suivantes : nom:Joel ,prenom: Bill , poste: COMMERCIAL , niveau d'étude: LICENCE , taux d'activité 1.0 
2021-02-21 16:53:33 - WARN  - matricule par defaut affecté
2021-02-21 16:53:33 - INFO  - employe enregistrer: Employe{, nom='Joel', prenom='Bill', matricule='C00001', dateEmbauche=2021-02-21, salaire=1825.46, performance=1, tempsPartiel=1.0}
2021-02-21 16:53:33 - INFO  - Embauche d'un employé avec les infos suivantes : nom:Joel ,prenom: Bill , poste: COMMERCIAL , niveau d'étude: LICENCE , taux d'activité 1.0 
2021-02-21 16:53:33 - WARN  - matricule par defaut affecté
2021-02-21 16:53:33 - INFO  - employe enregistrer: Employe{, nom='Joel', prenom='Bill', matricule='C00001', dateEmbauche=2021-02-21, salaire=1825.46, performance=1, tempsPartiel=1.0}
2021-02-21 16:53:33 - INFO  - Embauche d'un employé avec les infos suivantes : nom:Jobs ,prenom: Steve , poste: COMMERCIAL , niveau d'étude: LICENCE , taux d'activité 1.0 
2021-02-21 16:53:33 - INFO  - employe enregistrer: Employe{, nom='Jobs', prenom='Steve', matricule='C00002', dateEmbauche=2021-02-21, salaire=1825.46, performance=1, tempsPartiel=1.0}
2021-02-21 16:53:33 - INFO  - Embauche d'un employé avec les infos suivantes : nom:Joel ,prenom: Bill , poste: COMMERCIAL , niveau d'étude: LICENCE , taux d'activité 1.0 
2021-02-21 16:53:33 - WARN  - matricule par defaut affecté
2021-02-21 16:53:33 - INFO  - employe enregistrer: Employe{, nom='Joel', prenom='Bill', matricule='C00001', dateEmbauche=2021-02-21, salaire=1825.46, performance=1, tempsPartiel=1.0}
2021-02-21 16:53:33 - INFO  - Embauche d'un employé avec les infos suivantes : nom:Joel ,prenom: Bill , poste: COMMERCIAL , niveau d'étude: LICENCE , taux d'activité 1.0 
2021-02-21 16:53:33 - WARN  - matricule par defaut affecté
2021-02-21 16:53:33 - INFO  - employe enregistrer: Employe{, nom='Joel', prenom='Bill', matricule='C00001', dateEmbauche=2021-02-21, salaire=1825.46, performance=1, tempsPartiel=1.0}
2021-02-21 16:53:33 - INFO  - Embauche d'un employé avec les infos suivantes : nom:Joel ,prenom: Bill , poste: COMMERCIAL , niveau d'étude: LICENCE , taux d'activité 1.0 
2021-02-21 16:53:33 - WARN  - matricule par defaut affecté
2021-02-21 16:53:33 - INFO  - employe enregistrer: Employe{, nom='Joel', prenom='Bill', matricule='C00001', dateEmbauche=2021-02-21, salaire=1825.46, performance=1, tempsPartiel=1.0}
2021-02-21 16:53:33 - INFO  - Embauche d'un employé avec les infos suivantes : nom:Joel ,prenom: Bill , poste: COMMERCIAL , niveau d'étude: LICENCE , taux d'activité 1.0 
2021-02-21 16:53:33 - WARN  - matricule par defaut affecté
2021-02-21 16:53:33 - INFO  - employe enregistrer: Employe{, nom='Joel', prenom='Bill', matricule='C00001', dateEmbauche=2021-02-21, salaire=1825.46, performance=1, tempsPartiel=1.0}
2021-02-21 16:53:33 - INFO  - Embauche d'un employé avec les infos suivantes : nom:Joel ,prenom: Bill , poste: COMMERCIAL , niveau d'étude: LICENCE , taux d'activité 1.0 
2021-02-21 16:53:33 - WARN  - matricule par defaut affecté
2021-02-21 16:53:33 - INFO  - employe enregistrer: Employe{, nom='Joel', prenom='Bill', matricule='C00001', dateEmbauche=2021-02-21, salaire=1825.46, performance=1, tempsPartiel=1.0}
2021-02-21 16:53:33 - INFO  - Embauche d'un employé avec les infos suivantes : nom:Joel ,prenom: Bill , poste: COMMERCIAL , niveau d'étude: LICENCE , taux d'activité 1.0 
2021-02-21 16:53:33 - WARN  - matricule par defaut affecté
2021-02-21 16:53:33 - INFO  - employe enregistrer: Employe{, nom='Joel', prenom='Bill', matricule='C00001', dateEmbauche=2021-02-21, salaire=1825.46, performance=1, tempsPartiel=1.0}
2021-02-21 16:53:33 - INFO  - Embauche d'un employé avec les infos suivantes : nom:Jobs ,prenom: Steve , poste: COMMERCIAL , niveau d'étude: LICENCE , taux d'activité 1.0 
2021-02-21 16:53:33 - INFO  - employe enregistrer: Employe{, nom='Jobs', prenom='Steve', matricule='C00002', dateEmbauche=2021-02-21, salaire=1825.46, performance=1, tempsPartiel=1.0}
2021-02-21 16:53:33 - INFO  - Embauche d'un employé avec les infos suivantes : nom:Joel ,prenom: Bill , poste: COMMERCIAL , niveau d'étude: LICENCE , taux d'activité 1.0 
2021-02-21 16:53:33 - WARN  - matricule par defaut affecté
2021-02-21 16:53:33 - INFO  - employe enregistrer: Employe{, nom='Joel', prenom='Bill', matricule='C00001', dateEmbauche=2021-02-21, salaire=1825.46, performance=1, tempsPartiel=1.0}
2021-02-21 16:53:33 - INFO  - Embauche d'un employé avec les infos suivantes : nom:Joel ,prenom: Bill , poste: COMMERCIAL , niveau d'étude: LICENCE , taux d'activité 1.0 
2021-02-21 16:53:33 - WARN  - matricule par defaut affecté
2021-02-21 16:53:33 - INFO  - employe enregistrer: Employe{, nom='Joel', prenom='Bill', matricule='C00001', dateEmbauche=2021-02-21, salaire=1825.46, performance=1, tempsPartiel=1.0}
2021-02-21 16:53:33 - INFO  - Embauche d'un employé avec les infos suivantes : nom:Joel ,prenom: Bill , poste: COMMERCIAL , niveau d'étude: LICENCE , taux d'activité 1.0 
2021-02-21 16:53:33 - WARN  - matricule par defaut affecté
2021-02-21 16:53:33 - INFO  - employe enregistrer: Employe{, nom='Joel', prenom='Bill', matricule='C00001', dateEmbauche=2021-02-21, salaire=1825.46, performance=1, tempsPartiel=1.0}
2021-02-21 16:53:33 - INFO  - Embauche d'un employé avec les infos suivantes : nom:Joel ,prenom: Bill , poste: COMMERCIAL , niveau d'étude: LICENCE , taux d'activité 1.0 
2021-02-21 16:53:33 - WARN  - matricule par defaut affecté
2021-02-21 16:53:33 - INFO  - employe enregistrer: Employe{, nom='Joel', prenom='Bill', matricule='C00001', dateEmbauche=2021-02-21, salaire=1825.46, performance=1, tempsPartiel=1.0}
2021-02-21 16:53:33 - INFO  - Embauche d'un employé avec les infos suivantes : nom:Doe ,prenom: John , poste: TECHNICIEN , niveau d'étude: BTS_IUT , taux d'activité 1.0 
2021-02-21 16:53:33 - WARN  - matricule par defaut affecté
2021-02-21 16:53:33 - INFO  - employe enregistrer: Employe{, nom='Doe', prenom='John', matricule='T00001', dateEmbauche=2021-02-21, salaire=0.18, performance=1, tempsPartiel=1.0}
2021-02-21 16:53:33 - INFO  - Embauche d'un employé avec les infos suivantes : nom:Doe ,prenom: John , poste: TECHNICIEN , niveau d'étude: BTS_IUT , taux d'activité 1.0 
2021-02-21 16:53:33 - WARN  - matricule par defaut affecté
2021-02-21 16:53:33 - INFO  - employe enregistrer: Employe{, nom='Doe', prenom='John', matricule='T00001', dateEmbauche=2021-02-21, salaire=1.82546E7, performance=1, tempsPartiel=1.0}
2021-02-21 16:53:33 - INFO  - Embauche d'un employé avec les infos suivantes : nom:Joel ,prenom: Bill , poste: COMMERCIAL , niveau d'étude: LICENCE , taux d'activité 1.0 
2021-02-21 16:53:33 - WARN  - matricule par defaut affecté
2021-02-21 16:53:33 - INFO  - employe enregistrer: Employe{, nom='Joel', prenom='Bill', matricule='C00001', dateEmbauche=2021-02-21, salaire=1825.46, performance=1, tempsPartiel=1.0}
2021-02-21 16:53:34 - INFO  - Embauche d'un employé avec les infos suivantes : nom:Joel ,prenom: Bill , poste: COMMERCIAL , niveau d'étude: LICENCE , taux d'activité 1.0 
2021-02-21 16:53:34 - WARN  - matricule par defaut affecté
2021-02-21 16:53:34 - INFO  - employe enregistrer: Employe{, nom='Joel', prenom='Bill', matricule='C00001', dateEmbauche=2021-02-21, salaire=1825.46, performance=1, tempsPartiel=1.0}
2021-02-21 16:53:34 - INFO  - Embauche d'un employé avec les infos suivantes : nom:Doe ,prenom: John , poste: TECHNICIEN , niveau d'étude: BTS_IUT , taux d'activité 1.0 
2021-02-21 16:53:34 - WARN  - matricule par defaut affecté
2021-02-21 16:53:34 - INFO  - employe enregistrer: Employe{, nom='Doe', prenom='John', matricule='T00001', dateEmbauche=2021-02-21, salaire=1825.464, performance=1, tempsPartiel=1.0}
2021-02-21 16:53:34 - INFO  - Embauche d'un employé avec les infos suivantes : nom:Doe ,prenom: John , poste: TECHNICIEN , niveau d'étude: BTS_IUT , taux d'activité 1.0 
2021-02-21 16:53:34 - INFO  - Embauche d'un employé avec les infos suivantes : nom:Joel ,prenom: Bill , poste: COMMERCIAL , niveau d'étude: LICENCE , taux d'activité 1.0 
2021-02-21 16:53:34 - WARN  - matricule par defaut affecté
2021-02-21 16:53:34 - INFO  - employe enregistrer: Employe{, nom='Joel', prenom='Bill', matricule='C00001', dateEmbauche=2021-02-21, salaire=1825.46, performance=1, tempsPartiel=1.0}
2021-02-21 16:53:34 - INFO  - Embauche d'un employé avec les infos suivantes : nom:Joel ,prenom: Bill , poste: COMMERCIAL , niveau d'étude: LICENCE , taux d'activité 1.0 
2021-02-21 16:53:34 - WARN  - matricule par defaut affecté
2021-02-21 16:53:34 - INFO  - employe enregistrer: Employe{, nom='Joel', prenom='Bill', matricule='C00001', dateEmbauche=2021-02-21, salaire=1825.46, performance=1, tempsPartiel=1.0}
2021-02-21 16:53:34 - INFO  - Embauche d'un employé avec les infos suivantes : nom:Jobs ,prenom: Steve , poste: COMMERCIAL , niveau d'étude: LICENCE , taux d'activité 1.0 
2021-02-21 16:53:34 - INFO  - employe enregistrer: Employe{, nom='Jobs', prenom='Steve', matricule='C00002', dateEmbauche=2021-02-21, salaire=1825.46, performance=1, tempsPartiel=1.0}
2021-02-21 16:53:34 - INFO  - Embauche d'un employé avec les infos suivantes : nom:Joel ,prenom: Bill , poste: COMMERCIAL , niveau d'étude: LICENCE , taux d'activité 1.0 
2021-02-21 16:53:34 - WARN  - matricule par defaut affecté
2021-02-21 16:53:34 - INFO  - employe enregistrer: Employe{, nom='Joel', prenom='Bill', matricule='C00001', dateEmbauche=2021-02-21, salaire=1825.46, performance=1, tempsPartiel=1.0}
2021-02-21 16:53:34 - INFO  - Embauche d'un employé avec les infos suivantes : nom:Joel ,prenom: Bill , poste: COMMERCIAL , niveau d'étude: LICENCE , taux d'activité 1.0 
2021-02-21 16:53:34 - WARN  - matricule par defaut affecté
2021-02-21 16:53:34 - INFO  - employe enregistrer: Employe{, nom='Joel', prenom='Bill', matricule='C00001', dateEmbauche=2021-02-21, salaire=1825.46, performance=1, tempsPartiel=1.0}
2021-02-21 16:53:34 - INFO  - Embauche d'un employé avec les infos suivantes : nom:Joel ,prenom: Bill , poste: COMMERCIAL , niveau d'étude: LICENCE , taux d'activité 1.0 
2021-02-21 16:53:34 - WARN  - matricule par defaut affecté
2021-02-21 16:53:34 - INFO  - employe enregistrer: Employe{, nom='Joel', prenom='Bill', matricule='C00001', dateEmbauche=2021-02-21, salaire=1825.46, performance=1, tempsPartiel=1.0}
2021-02-21 16:53:34 - INFO  - Embauche d'un employé avec les infos suivantes : nom:Joel ,prenom: Bill , poste: COMMERCIAL , niveau d'étude: LICENCE , taux d'activité 1.0 
2021-02-21 16:53:34 - WARN  - matricule par defaut affecté
2021-02-21 16:53:34 - INFO  - employe enregistrer: Employe{, nom='Joel', prenom='Bill', matricule='C00001', dateEmbauche=2021-02-21, salaire=1825.46, performance=1, tempsPartiel=1.0}
2021-02-21 16:53:34 - INFO  - Embauche d'un employé avec les infos suivantes : nom:Joel ,prenom: Bill , poste: COMMERCIAL , niveau d'étude: LICENCE , taux d'activité 1.0 
2021-02-21 16:53:34 - WARN  - matricule par defaut affecté
2021-02-21 16:53:34 - INFO  - employe enregistrer: Employe{, nom='Joel', prenom='Bill', matricule='C00001', dateEmbauche=2021-02-21, salaire=1825.46, performance=1, tempsPartiel=1.0}
2021-02-21 16:53:34 - INFO  - Embauche d'un employé avec les infos suivantes : nom:Jobs ,prenom: Steve , poste: COMMERCIAL , niveau d'étude: LICENCE , taux d'activité 1.0 
2021-02-21 16:53:34 - INFO  - employe enregistrer: Employe{, nom='Jobs', prenom='Steve', matricule='C00002', dateEmbauche=2021-02-21, salaire=1825.46, performance=1, tempsPartiel=1.0}
2021-02-21 16:53:34 - INFO  - Embauche d'un employé avec les infos suivantes : nom:Joel ,prenom: Bill , poste: COMMERCIAL , niveau d'étude: LICENCE , taux d'activité 1.0 
2021-02-21 16:53:34 - WARN  - matricule par defaut affecté
2021-02-21 16:53:34 - INFO  - employe enregistrer: Employe{, nom='Joel', prenom='Bill', matricule='C00001', dateEmbauche=2021-02-21, salaire=1825.46, performance=1, tempsPartiel=1.0}
2021-02-21 16:53:34 - INFO  - Embauche d'un employé avec les infos suivantes : nom:Joel ,prenom: Bill , poste: COMMERCIAL , niveau d'étude: LICENCE , taux d'activité 1.0 
2021-02-21 16:53:34 - WARN  - matricule par defaut affecté
2021-02-21 16:53:34 - INFO  - employe enregistrer: Employe{, nom='Joel', prenom='Bill', matricule='C00001', dateEmbauche=2021-02-21, salaire=1825.46, performance=1, tempsPartiel=1.0}
2021-02-21 16:53:34 - INFO  - Embauche d'un employé avec les infos suivantes : nom:Joel ,prenom: Bill , poste: COMMERCIAL , niveau d'étude: LICENCE , taux d'activité 1.0 
2021-02-21 16:53:34 - WARN  - matricule par defaut affecté
2021-02-21 16:53:34 - INFO  - employe enregistrer: Employe{, nom='Joel', prenom='Bill', matricule='C00001', dateEmbauche=2021-02-21, salaire=1825.46, performance=1, tempsPartiel=1.0}
2021-02-21 16:53:34 - INFO  - Embauche d'un employé avec les infos suivantes : nom:Joel ,prenom: Bill , poste: COMMERCIAL , niveau d'étude: LICENCE , taux d'activité 1.0 
2021-02-21 16:53:34 - WARN  - matricule par defaut affecté
2021-02-21 16:53:34 - INFO  - employe enregistrer: Employe{, nom='Joel', prenom='Bill', matricule='C00001', dateEmbauche=2021-02-21, salaire=1825.46, performance=1, tempsPartiel=1.0}
2021-02-21 16:53:34 - INFO  - Embauche d'un employé avec les infos suivantes : nom:Jobs ,prenom: Steve , poste: COMMERCIAL , niveau d'étude: LICENCE , taux d'activité 1.0 
2021-02-21 16:53:34 - INFO  - employe enregistrer: Employe{, nom='Jobs', prenom='Steve', matricule='C00002', dateEmbauche=2021-02-21, salaire=1825.46, performance=1, tempsPartiel=1.0}
2021-02-21 16:53:34 - INFO  - Embauche d'un employé avec les infos suivantes : nom:Joel ,prenom: Bill , poste: COMMERCIAL , niveau d'étude: LICENCE , taux d'activité 1.0 
2021-02-21 16:53:34 - WARN  - matricule par defaut affecté
2021-02-21 16:53:34 - INFO  - employe enregistrer: Employe{, nom='Joel', prenom='Bill', matricule='C00001', dateEmbauche=2021-02-21, salaire=1825.46, performance=1, tempsPartiel=1.0}
2021-02-21 16:53:34 - INFO  - Embauche d'un employé avec les infos suivantes : nom:Joel ,prenom: Bill , poste: COMMERCIAL , niveau d'étude: LICENCE , taux d'activité 1.0 
2021-02-21 16:53:34 - WARN  - matricule par defaut affecté
2021-02-21 16:53:34 - INFO  - employe enregistrer: Employe{, nom='Joel', prenom='Bill', matricule='C00001', dateEmbauche=2021-02-21, salaire=1825.46, performance=1, tempsPartiel=1.0}
2021-02-21 16:53:34 - INFO  - Embauche d'un employé avec les infos suivantes : nom:Doe ,prenom: John , poste: TECHNICIEN , niveau d'étude: BTS_IUT , taux d'activité 1.0 
2021-02-21 16:53:34 - WARN  - matricule par defaut affecté
2021-02-21 16:53:34 - INFO  - Embauche d'un employé avec les infos suivantes : nom:Joel ,prenom: Bill , poste: COMMERCIAL , niveau d'étude: LICENCE , taux d'activité 1.0 
2021-02-21 16:53:34 - WARN  - matricule par defaut affecté
2021-02-21 16:53:34 - INFO  - employe enregistrer: Employe{, nom='Joel', prenom='Bill', matricule='C00001', dateEmbauche=2021-02-21, salaire=1825.46, performance=1, tempsPartiel=1.0}
2021-02-21 16:53:34 - INFO  - Embauche d'un employé avec les infos suivantes : nom:Joel ,prenom: Bill , poste: COMMERCIAL , niveau d'étude: LICENCE , taux d'activité 1.0 
2021-02-21 16:53:34 - WARN  - matricule par defaut affecté
2021-02-21 16:53:34 - INFO  - employe enregistrer: Employe{, nom='Joel', prenom='Bill', matricule='C00001', dateEmbauche=2021-02-21, salaire=1825.46, performance=1, tempsPartiel=1.0}
2021-02-21 16:53:34 - INFO  - Embauche d'un employé avec les infos suivantes : nom:Joel ,prenom: Bill , poste: COMMERCIAL , niveau d'étude: LICENCE , taux d'activité 1.0 
2021-02-21 16:53:34 - WARN  - matricule par defaut affecté
2021-02-21 16:53:34 - INFO  - employe enregistrer: Employe{, nom='Joel', prenom='Bill', matricule='C00001', dateEmbauche=2021-02-21, salaire=1825.46, performance=1, tempsPartiel=1.0}
2021-02-21 16:53:34 - INFO  - Embauche d'un employé avec les infos suivantes : nom:Jobs ,prenom: Steve , poste: COMMERCIAL , niveau d'étude: LICENCE , taux d'activité 1.0 
2021-02-21 16:53:34 - INFO  - employe enregistrer: Employe{, nom='Jobs', prenom='Steve', matricule='C00002', dateEmbauche=2021-02-21, salaire=1825.46, performance=1, tempsPartiel=1.0}
2021-02-21 16:53:34 - INFO  - Embauche d'un employé avec les infos suivantes : nom:Joel ,prenom: Bill , poste: COMMERCIAL , niveau d'étude: LICENCE , taux d'activité 1.0 
2021-02-21 16:53:34 - WARN  - matricule par defaut affecté
2021-02-21 16:53:34 - INFO  - employe enregistrer: Employe{, nom='Joel', prenom='Bill', matricule='C00001', dateEmbauche=2021-02-21, salaire=1825.46, performance=1, tempsPartiel=1.0}
2021-02-21 16:53:34 - INFO  - Embauche d'un employé avec les infos suivantes : nom:Joel ,prenom: Bill , poste: COMMERCIAL , niveau d'étude: LICENCE , taux d'activité 1.0 
2021-02-21 16:53:34 - WARN  - matricule par defaut affecté
2021-02-21 16:53:34 - INFO  - employe enregistrer: Employe{, nom='Joel', prenom='Bill', matricule='C00001', dateEmbauche=2021-02-21, salaire=1825.46, performance=1, tempsPartiel=1.0}
2021-02-21 16:53:34 - INFO  - Embauche d'un employé avec les infos suivantes : nom:Joel ,prenom: Bill , poste: COMMERCIAL , niveau d'étude: LICENCE , taux d'activité 1.0 
2021-02-21 16:53:34 - WARN  - matricule par defaut affecté
2021-02-21 16:53:34 - INFO  - employe enregistrer: Employe{, nom='Joel', prenom='Bill', matricule='C00001', dateEmbauche=2021-02-21, salaire=1825.46, performance=1, tempsPartiel=1.0}
2021-02-21 16:53:34 - INFO  - Embauche d'un employé avec les infos suivantes : nom:Jobs ,prenom: Steve , poste: COMMERCIAL , niveau d'étude: LICENCE , taux d'activité 1.0 
2021-02-21 16:53:34 - INFO  - employe enregistrer: Employe{, nom='Jobs', prenom='Steve', matricule='C00002', dateEmbauche=2021-02-21, salaire=1825.46, performance=1, tempsPartiel=1.0}
2021-02-21 16:53:34 - INFO  - Embauche d'un employé avec les infos suivantes : nom:Joel ,prenom: Bill , poste: COMMERCIAL , niveau d'étude: LICENCE , taux d'activité 1.0 
2021-02-21 16:53:34 - WARN  - matricule par defaut affecté
2021-02-21 16:53:34 - INFO  - employe enregistrer: Employe{, nom='Joel', prenom='Bill', matricule='C00001', dateEmbauche=2021-02-21, salaire=1825.46, performance=1, tempsPartiel=1.0}
2021-02-21 16:53:34 - INFO  - Embauche d'un employé avec les infos suivantes : nom:Joel ,prenom: Bill , poste: COMMERCIAL , niveau d'étude: LICENCE , taux d'activité 1.0 
2021-02-21 16:53:34 - WARN  - matricule par defaut affecté
2021-02-21 16:53:34 - INFO  - employe enregistrer: Employe{, nom='Joel', prenom='Bill', matricule='C00001', dateEmbauche=2021-02-21, salaire=1825.46, performance=1, tempsPartiel=1.0}
2021-02-21 16:53:57 - INFO  - Starting EmployeRepositoryTest on DESKTOP-P0UDKGU with PID 1636 (started by fabrice ferrere in H:\ALL GIT\Java git prof\ipi-java-350-ex)
2021-02-21 16:53:57 - INFO  - No active profile set, falling back to default profiles: default
2021-02-21 16:53:59 - INFO  - Started EmployeRepositoryTest in 1.713 seconds (JVM running for 2.738)
2021-02-21 16:53:59 - INFO  - Starting EmployeServiceIntegrationTest on DESKTOP-P0UDKGU with PID 1636 (started by fabrice ferrere in H:\ALL GIT\Java git prof\ipi-java-350-ex)
2021-02-21 16:53:59 - INFO  - No active profile set, falling back to default profiles: default
2021-02-21 16:53:59 - INFO  - Started EmployeServiceIntegrationTest in 0.339 seconds (JVM running for 3.279)
2021-02-21 16:53:59 - INFO  - Embauche d'un employé avec les infos suivantes : nom:Joel ,prenom: Bill , poste: COMMERCIAL , niveau d'étude: LICENCE , taux d'activité 1.0 
2021-02-21 16:53:59 - WARN  - matricule par defaut affecté
2021-02-21 16:53:59 - INFO  - employe enregistrer: Employe{, nom='Joel', prenom='Bill', matricule='C00001', dateEmbauche=2021-02-21, salaire=1825.46, performance=1, tempsPartiel=1.0}
2021-02-21 16:53:59 - INFO  - Embauche d'un employé avec les infos suivantes : nom:Joel ,prenom: Bill , poste: COMMERCIAL , niveau d'étude: LICENCE , taux d'activité 1.0 
2021-02-21 16:53:59 - WARN  - matricule par defaut affecté
2021-02-21 16:53:59 - INFO  - employe enregistrer: Employe{, nom='Joel', prenom='Bill', matricule='C00001', dateEmbauche=2021-02-21, salaire=1825.46, performance=1, tempsPartiel=1.0}
2021-02-21 16:53:59 - INFO  - Embauche d'un employé avec les infos suivantes : nom:Joel ,prenom: Bill , poste: COMMERCIAL , niveau d'étude: LICENCE , taux d'activité 1.0 
2021-02-21 16:53:59 - WARN  - matricule par defaut affecté
2021-02-21 16:53:59 - INFO  - employe enregistrer: Employe{, nom='Joel', prenom='Bill', matricule='C00001', dateEmbauche=2021-02-21, salaire=1825.46, performance=1, tempsPartiel=1.0}
2021-02-21 16:53:59 - INFO  - Embauche d'un employé avec les infos suivantes : nom:Joel ,prenom: Bill , poste: COMMERCIAL , niveau d'étude: LICENCE , taux d'activité 1.0 
2021-02-21 16:53:59 - WARN  - matricule par defaut affecté
2021-02-21 16:53:59 - INFO  - employe enregistrer: Employe{, nom='Joel', prenom='Bill', matricule='C00001', dateEmbauche=2021-02-21, salaire=1825.46, performance=1, tempsPartiel=1.0}
2021-02-21 16:53:59 - INFO  - Embauche d'un employé avec les infos suivantes : nom:Joel ,prenom: Bill , poste: COMMERCIAL , niveau d'étude: LICENCE , taux d'activité 1.0 
2021-02-21 16:53:59 - WARN  - matricule par defaut affecté
2021-02-21 16:53:59 - INFO  - employe enregistrer: Employe{, nom='Joel', prenom='Bill', matricule='C00001', dateEmbauche=2021-02-21, salaire=1825.46, performance=1, tempsPartiel=1.0}
2021-02-21 16:53:59 - INFO  - Embauche d'un employé avec les infos suivantes : nom:Joel ,prenom: Bill , poste: COMMERCIAL , niveau d'étude: LICENCE , taux d'activité 1.0 
2021-02-21 16:53:59 - WARN  - matricule par defaut affecté
2021-02-21 16:53:59 - INFO  - employe enregistrer: Employe{, nom='Joel', prenom='Bill', matricule='C00001', dateEmbauche=2021-02-21, salaire=1825.46, performance=1, tempsPartiel=1.0}
2021-02-21 16:53:59 - INFO  - Embauche d'un employé avec les infos suivantes : nom:Jobs ,prenom: Steve , poste: COMMERCIAL , niveau d'étude: LICENCE , taux d'activité 1.0 
2021-02-21 16:53:59 - INFO  - employe enregistrer: Employe{, nom='Jobs', prenom='Steve', matricule='C00002', dateEmbauche=2021-02-21, salaire=1825.46, performance=1, tempsPartiel=1.0}
2021-02-21 16:53:59 - INFO  - Embauche d'un employé avec les infos suivantes : nom:Doe ,prenom: John , poste: TECHNICIEN , niveau d'étude: BTS_IUT , taux d'activité 1.0 
2021-02-21 16:53:59 - WARN  - matricule par defaut affecté
2021-02-21 16:53:59 - INFO  - employe enregistrer: Employe{, nom='Doe', prenom='John', matricule='T00001', dateEmbauche=2021-02-21, salaire=1825.46, performance=1, tempsPartiel=1.0}
2021-02-21 16:53:59 - INFO  - Embauche d'un employé avec les infos suivantes : nom:Doe ,prenom: John , poste: TECHNICIEN , niveau d'étude: BTS_IUT , taux d'activité 1.0 
2021-02-21 16:53:59 - WARN  - matricule par defaut affecté
2021-02-21 16:53:59 - ERROR - L'employé de matricule T00001 existe déjà en BDD
2021-02-21 16:53:59 - INFO  - Embauche d'un employé avec les infos suivantes : nom:Doe ,prenom: John , poste: TECHNICIEN , niveau d'étude: BTS_IUT , taux d'activité 1.0 
2021-02-21 16:53:59 - ERROR - Limite des 100000 matricules atteinte !
2021-02-21 16:53:59 - INFO  - Embauche d'un employé avec les infos suivantes : nom:Doe ,prenom: John , poste: TECHNICIEN , niveau d'étude: BTS_IUT , taux d'activité 1.0 
2021-02-21 16:53:59 - WARN  - matricule par defaut affecté
2021-02-21 16:53:59 - INFO  - employe enregistrer: Employe{, nom='Doe', prenom='John', matricule='T00001', dateEmbauche=2021-02-21, salaire=1825.46, performance=1, tempsPartiel=1.0}
2021-02-21 16:54:01 - INFO  - Starting EmployeServiceIntegrationTest on DESKTOP-P0UDKGU with PID 19368 (started by fabrice ferrere in H:\ALL GIT\Java git prof\ipi-java-350-ex)
2021-02-21 16:54:01 - INFO  - No active profile set, falling back to default profiles: default
2021-02-21 16:54:03 - INFO  - Started EmployeServiceIntegrationTest in 1.848 seconds (JVM running for 2.943)
2021-02-21 16:54:03 - INFO  - Embauche d'un employé avec les infos suivantes : nom:Joel ,prenom: Bill , poste: COMMERCIAL , niveau d'étude: LICENCE , taux d'activité 1.0 
2021-02-21 16:54:03 - WARN  - matricule par defaut affecté
2021-02-21 16:54:03 - INFO  - employe enregistrer: Employe{, nom='Joel', prenom='Bill', matricule='C00001', dateEmbauche=2021-02-21, salaire=1825.46, performance=1, tempsPartiel=1.0}
2021-02-21 16:54:03 - INFO  - Starting EmployeRepositoryTest on DESKTOP-P0UDKGU with PID 19368 (started by fabrice ferrere in H:\ALL GIT\Java git prof\ipi-java-350-ex)
2021-02-21 16:54:03 - INFO  - No active profile set, falling back to default profiles: default
2021-02-21 16:54:03 - INFO  - Started EmployeRepositoryTest in 0.217 seconds (JVM running for 3.347)
2021-02-21 16:54:03 - INFO  - Embauche d'un employé avec les infos suivantes : nom:Joel ,prenom: Bill , poste: COMMERCIAL , niveau d'étude: LICENCE , taux d'activité 1.0 
2021-02-21 16:54:03 - INFO  - employe enregistrer: Employe{, nom='Joel', prenom='Bill', matricule='C00002', dateEmbauche=2021-02-21, salaire=1825.46, performance=1, tempsPartiel=1.0}
2021-02-21 16:54:03 - INFO  - Embauche d'un employé avec les infos suivantes : nom:Joel ,prenom: Bill , poste: COMMERCIAL , niveau d'étude: LICENCE , taux d'activité 1.0 
2021-02-21 16:54:03 - INFO  - employe enregistrer: Employe{, nom='Joel', prenom='Bill', matricule='C00003', dateEmbauche=2021-02-21, salaire=1825.46, performance=1, tempsPartiel=1.0}
2021-02-21 16:54:03 - INFO  - Embauche d'un employé avec les infos suivantes : nom:Joel ,prenom: Bill , poste: COMMERCIAL , niveau d'étude: LICENCE , taux d'activité 1.0 
2021-02-21 16:54:03 - INFO  - employe enregistrer: Employe{, nom='Joel', prenom='Bill', matricule='C00004', dateEmbauche=2021-02-21, salaire=1825.46, performance=1, tempsPartiel=1.0}
2021-02-21 16:54:03 - INFO  - Embauche d'un employé avec les infos suivantes : nom:Joel ,prenom: Bill , poste: COMMERCIAL , niveau d'étude: LICENCE , taux d'activité 1.0 
2021-02-21 16:54:03 - INFO  - employe enregistrer: Employe{, nom='Joel', prenom='Bill', matricule='C00005', dateEmbauche=2021-02-21, salaire=1825.46, performance=1, tempsPartiel=1.0}
2021-02-21 16:54:03 - INFO  - Embauche d'un employé avec les infos suivantes : nom:Jobs ,prenom: Steve , poste: COMMERCIAL , niveau d'étude: LICENCE , taux d'activité 1.0 
2021-02-21 16:54:03 - INFO  - employe enregistrer: Employe{, nom='Jobs', prenom='Steve', matricule='C00006', dateEmbauche=2021-02-21, salaire=1825.46, performance=1, tempsPartiel=1.0}
2021-02-21 16:54:03 - INFO  - Embauche d'un employé avec les infos suivantes : nom:Doe ,prenom: John , poste: TECHNICIEN , niveau d'étude: BTS_IUT , taux d'activité 1.0 
2021-02-21 16:54:03 - WARN  - matricule par defaut affecté
2021-02-21 16:54:03 - INFO  - employe enregistrer: 
2021-02-21 16:54:03 - INFO  - Embauche d'un employé avec les infos suivantes : nom:Joel ,prenom: Bill , poste: COMMERCIAL , niveau d'étude: LICENCE , taux d'activité 1.0 
2021-02-21 16:54:03 - WARN  - matricule par defaut affecté
2021-02-21 16:54:03 - INFO  - employe enregistrer: 
2021-02-21 16:54:03 - INFO  - Embauche d'un employé avec les infos suivantes : nom:Joel ,prenom: Bill , poste: COMMERCIAL , niveau d'étude: LICENCE , taux d'activité 1.0 
2021-02-21 16:54:03 - WARN  - matricule par defaut affecté
2021-02-21 16:54:03 - INFO  - employe enregistrer: 
2021-02-21 16:54:03 - INFO  - Embauche d'un employé avec les infos suivantes : nom:Joel ,prenom: Bill , poste: COMMERCIAL , niveau d'étude: LICENCE , taux d'activité 1.0 
2021-02-21 16:54:03 - WARN  - matricule par defaut affecté
2021-02-21 16:54:03 - INFO  - employe enregistrer: 
2021-02-21 16:54:03 - INFO  - Embauche d'un employé avec les infos suivantes : nom:Joel ,prenom: Bill , poste: COMMERCIAL , niveau d'étude: LICENCE , taux d'activité 1.0 
2021-02-21 16:54:03 - WARN  - matricule par defaut affecté
2021-02-21 16:54:03 - INFO  - employe enregistrer: 
2021-02-21 16:54:03 - INFO  - Embauche d'un employé avec les infos suivantes : nom:Joel ,prenom: Bill , poste: COMMERCIAL , niveau d'étude: LICENCE , taux d'activité 1.0 
2021-02-21 16:54:03 - WARN  - matricule par defaut affecté
2021-02-21 16:54:03 - INFO  - employe enregistrer: 
2021-02-21 16:54:03 - INFO  - Embauche d'un employé avec les infos suivantes : nom:Jobs ,prenom: Steve , poste: COMMERCIAL , niveau d'étude: LICENCE , taux d'activité 1.0 
2021-02-21 16:54:03 - INFO  - employe enregistrer: 
2021-02-21 16:54:03 - INFO  - Embauche d'un employé avec les infos suivantes : nom:Doe ,prenom: John , poste: TECHNICIEN , niveau d'étude: BTS_IUT , taux d'activité 1.0 
2021-02-21 16:54:03 - WARN  - matricule par defaut affecté
2021-02-21 16:54:03 - INFO  - employe enregistrer: 
2021-02-21 16:54:03 - INFO  - Embauche d'un employé avec les infos suivantes : nom:Joel ,prenom: Bill , poste: COMMERCIAL , niveau d'étude: LICENCE , taux d'activité 1.0 
2021-02-21 16:54:03 - WARN  - matricule par defaut affecté
2021-02-21 16:54:03 - INFO  - employe enregistrer: 
2021-02-21 16:54:03 - INFO  - Embauche d'un employé avec les infos suivantes : nom:Doe ,prenom: John , poste: TECHNICIEN , niveau d'étude: BTS_IUT , taux d'activité 1.0 
2021-02-21 16:54:03 - WARN  - matricule par defaut affecté
2021-02-21 16:54:03 - INFO  - employe enregistrer: Employe{, nom='Doe', prenom='John', matricule='T00001', dateEmbauche=2021-02-21, salaire=1825.46, performance=1, tempsPartiel=1.0}
2021-02-21 16:54:04 - INFO  - Embauche d'un employé avec les infos suivantes : nom:Doe ,prenom: John , poste: TECHNICIEN , niveau d'étude: BTS_IUT , taux d'activité 1.0 
2021-02-21 16:54:04 - WARN  - matricule par defaut affecté
2021-02-21 16:54:04 - INFO  - employe enregistrer: Employe{, nom='Doe', prenom='John', matricule='T00001', dateEmbauche=2021-02-21, salaire=1825.46, performance=1, tempsPartiel=1.0}
2021-02-21 16:54:04 - INFO  - Embauche d'un employé avec les infos suivantes : nom:Doe ,prenom: John , poste: TECHNICIEN , niveau d'étude: BTS_IUT , taux d'activité 1.0 
2021-02-21 16:54:04 - WARN  - matricule par defaut affecté
2021-02-21 16:54:04 - INFO  - employe enregistrer: Employe{, nom='Doe', prenom='John', matricule='T00001', dateEmbauche=2021-02-21, salaire=1825.46, performance=1, tempsPartiel=1.0}
2021-02-21 16:54:04 - INFO  - Embauche d'un employé avec les infos suivantes : nom:Doe ,prenom: John , poste: TECHNICIEN , niveau d'étude: BTS_IUT , taux d'activité 1.0 
2021-02-21 16:54:04 - WARN  - matricule par defaut affecté
2021-02-21 16:54:04 - INFO  - employe enregistrer: Employe{, nom='Doe', prenom='John', matricule='T00001', dateEmbauche=2021-02-21, salaire=1825.46, performance=1, tempsPartiel=1.0}
2021-02-21 16:54:04 - INFO  - Embauche d'un employé avec les infos suivantes : nom:Doe ,prenom: John , poste: TECHNICIEN , niveau d'étude: BTS_IUT , taux d'activité 1.0 
2021-02-21 16:54:04 - WARN  - matricule par defaut affecté
2021-02-21 16:54:04 - INFO  - employe enregistrer: Employe{, nom='Doe', prenom='John', matricule='T00001', dateEmbauche=2021-02-21, salaire=1825.46, performance=1, tempsPartiel=1.0}
2021-02-21 16:54:06 - INFO  - Embauche d'un employé avec les infos suivantes : nom:Doe ,prenom: John , poste: TECHNICIEN , niveau d'étude: BTS_IUT , taux d'activité 1.0 
2021-02-21 16:54:06 - INFO  - Starting EmployeServiceIntegrationTest on DESKTOP-P0UDKGU with PID 11160 (started by fabrice ferrere in H:\ALL GIT\Java git prof\ipi-java-350-ex)
2021-02-21 16:54:06 - INFO  - No active profile set, falling back to default profiles: default
2021-02-21 16:54:08 - INFO  - Started EmployeServiceIntegrationTest in 1.652 seconds (JVM running for 2.942)
2021-02-21 16:54:08 - INFO  - Embauche d'un employé avec les infos suivantes : nom:Joel ,prenom: Bill , poste: COMMERCIAL , niveau d'étude: LICENCE , taux d'activité 1.0 
2021-02-21 16:54:08 - WARN  - matricule par defaut affecté
2021-02-21 16:54:08 - INFO  - employe enregistrer: Employe{, nom='Joel', prenom='Bill', matricule='C00001', dateEmbauche=2021-02-21, salaire=1825.46, performance=1, tempsPartiel=1.0}
2021-02-21 16:54:08 - INFO  - Embauche d'un employé avec les infos suivantes : nom:Joel ,prenom: Bill , poste: COMMERCIAL , niveau d'étude: LICENCE , taux d'activité 1.0 
2021-02-21 16:54:08 - WARN  - matricule par defaut affecté
2021-02-21 16:54:08 - INFO  - employe enregistrer: Employe{, nom='Joel', prenom='Bill', matricule='C00001', dateEmbauche=2021-02-21, salaire=1825.46, performance=1, tempsPartiel=1.0}
2021-02-21 16:54:08 - INFO  - Embauche d'un employé avec les infos suivantes : nom:Joel ,prenom: Bill , poste: COMMERCIAL , niveau d'étude: LICENCE , taux d'activité 1.0 
2021-02-21 16:54:08 - WARN  - matricule par defaut affecté
2021-02-21 16:54:08 - INFO  - employe enregistrer: Employe{, nom='Joel', prenom='Bill', matricule='C00001', dateEmbauche=2021-02-21, salaire=1825.46, performance=1, tempsPartiel=1.0}
2021-02-21 16:54:08 - INFO  - Embauche d'un employé avec les infos suivantes : nom:Joel ,prenom: Bill , poste: COMMERCIAL , niveau d'étude: LICENCE , taux d'activité 1.0 
2021-02-21 16:54:08 - WARN  - matricule par defaut affecté
2021-02-21 16:54:08 - INFO  - employe enregistrer: Employe{, nom='Joel', prenom='Bill', matricule='C00001', dateEmbauche=2021-02-21, salaire=1825.46, performance=1, tempsPartiel=1.0}
2021-02-21 16:54:08 - INFO  - Embauche d'un employé avec les infos suivantes : nom:Joel ,prenom: Bill , poste: COMMERCIAL , niveau d'étude: LICENCE , taux d'activité 1.0 
2021-02-21 16:54:08 - WARN  - matricule par defaut affecté
2021-02-21 16:54:08 - INFO  - employe enregistrer: Employe{, nom='Joel', prenom='Bill', matricule='C00001', dateEmbauche=2021-02-21, salaire=1825.46, performance=1, tempsPartiel=1.0}
2021-02-21 16:54:08 - INFO  - Embauche d'un employé avec les infos suivantes : nom:Jobs ,prenom: Steve , poste: COMMERCIAL , niveau d'étude: LICENCE , taux d'activité 1.0 
2021-02-21 16:54:08 - INFO  - employe enregistrer: Employe{, nom='Jobs', prenom='Steve', matricule='C00002', dateEmbauche=2021-02-21, salaire=1825.46, performance=1, tempsPartiel=1.0}
2021-02-21 16:54:08 - INFO  - Embauche d'un employé avec les infos suivantes : nom:Joel ,prenom: Bill , poste: COMMERCIAL , niveau d'étude: LICENCE , taux d'activité 1.0 
2021-02-21 16:54:08 - WARN  - matricule par defaut affecté
2021-02-21 16:54:08 - INFO  - employe enregistrer: Employe{, nom='Joel', prenom='Bill', matricule='C00001', dateEmbauche=2021-02-21, salaire=1825.46, performance=1, tempsPartiel=1.0}
2021-02-21 16:54:08 - INFO  - Embauche d'un employé avec les infos suivantes : nom:Joel ,prenom: Bill , poste: COMMERCIAL , niveau d'étude: LICENCE , taux d'activité 1.0 
2021-02-21 16:54:08 - WARN  - matricule par defaut affecté
2021-02-21 16:54:08 - INFO  - employe enregistrer: Employe{, nom='Joel', prenom='Bill', matricule='C00001', dateEmbauche=2021-02-21, salaire=1825.46, performance=1, tempsPartiel=1.0}
2021-02-21 16:54:08 - INFO  - Embauche d'un employé avec les infos suivantes : nom:Joel ,prenom: Bill , poste: COMMERCIAL , niveau d'étude: LICENCE , taux d'activité 1.0 
2021-02-21 16:54:08 - WARN  - matricule par defaut affecté
2021-02-21 16:54:08 - INFO  - employe enregistrer: Employe{, nom='Joel', prenom='Bill', matricule='C00001', dateEmbauche=2021-02-21, salaire=1825.46, performance=1, tempsPartiel=1.0}
2021-02-21 16:54:08 - INFO  - Embauche d'un employé avec les infos suivantes : nom:Joel ,prenom: Bill , poste: COMMERCIAL , niveau d'étude: LICENCE , taux d'activité 1.0 
2021-02-21 16:54:08 - WARN  - matricule par defaut affecté
2021-02-21 16:54:08 - INFO  - employe enregistrer: Employe{, nom='Joel', prenom='Bill', matricule='C00001', dateEmbauche=2021-02-21, salaire=1825.46, performance=1, tempsPartiel=1.0}
2021-02-21 16:54:08 - INFO  - Embauche d'un employé avec les infos suivantes : nom:Joel ,prenom: Bill , poste: COMMERCIAL , niveau d'étude: LICENCE , taux d'activité 1.0 
2021-02-21 16:54:08 - WARN  - matricule par defaut affecté
2021-02-21 16:54:08 - INFO  - employe enregistrer: Employe{, nom='Joel', prenom='Bill', matricule='C00001', dateEmbauche=2021-02-21, salaire=1825.46, performance=1, tempsPartiel=1.0}
2021-02-21 16:54:08 - INFO  - Embauche d'un employé avec les infos suivantes : nom:Joel ,prenom: Bill , poste: COMMERCIAL , niveau d'étude: LICENCE , taux d'activité 1.0 
2021-02-21 16:54:08 - WARN  - matricule par defaut affecté
2021-02-21 16:54:08 - INFO  - employe enregistrer: Employe{, nom='Joel', prenom='Bill', matricule='C00001', dateEmbauche=2021-02-21, salaire=1825.46, performance=1, tempsPartiel=1.0}
2021-02-21 16:54:08 - INFO  - Embauche d'un employé avec les infos suivantes : nom:Jobs ,prenom: Steve , poste: COMMERCIAL , niveau d'étude: LICENCE , taux d'activité 1.0 
2021-02-21 16:54:08 - INFO  - employe enregistrer: Employe{, nom='Jobs', prenom='Steve', matricule='C00002', dateEmbauche=2021-02-21, salaire=1825.46, performance=1, tempsPartiel=1.0}
2021-02-21 16:54:08 - INFO  - Embauche d'un employé avec les infos suivantes : nom:Doe ,prenom: John , poste: TECHNICIEN , niveau d'étude: BTS_IUT , taux d'activité 1.0 
2021-02-21 16:54:08 - WARN  - matricule par defaut affecté
2021-02-21 16:54:08 - INFO  - Embauche d'un employé avec les infos suivantes : nom:Joel ,prenom: Bill , poste: COMMERCIAL , niveau d'étude: LICENCE , taux d'activité 1.0 
2021-02-21 16:54:08 - WARN  - matricule par defaut affecté
2021-02-21 16:54:08 - INFO  - employe enregistrer: Employe{, nom='Joel', prenom='Bill', matricule='C00001', dateEmbauche=2021-02-21, salaire=1825.46, performance=1, tempsPartiel=1.0}
2021-02-21 16:54:08 - INFO  - Embauche d'un employé avec les infos suivantes : nom:Joel ,prenom: Bill , poste: COMMERCIAL , niveau d'étude: LICENCE , taux d'activité 1.0 
2021-02-21 16:54:08 - WARN  - matricule par defaut affecté
2021-02-21 16:54:08 - INFO  - employe enregistrer: Employe{, nom='Joel', prenom='Bill', matricule='C00001', dateEmbauche=2021-02-21, salaire=1825.46, performance=1, tempsPartiel=1.0}
2021-02-21 16:54:08 - INFO  - Embauche d'un employé avec les infos suivantes : nom:Joel ,prenom: Bill , poste: COMMERCIAL , niveau d'étude: LICENCE , taux d'activité 1.0 
2021-02-21 16:54:08 - WARN  - matricule par defaut affecté
2021-02-21 16:54:08 - INFO  - employe enregistrer: Employe{, nom='Joel', prenom='Bill', matricule='C00001', dateEmbauche=2021-02-21, salaire=1825.46, performance=1, tempsPartiel=1.0}
2021-02-21 16:54:08 - INFO  - Embauche d'un employé avec les infos suivantes : nom:Joel ,prenom: Bill , poste: COMMERCIAL , niveau d'étude: LICENCE , taux d'activité 1.0 
2021-02-21 16:54:08 - WARN  - matricule par defaut affecté
2021-02-21 16:54:08 - INFO  - employe enregistrer: Employe{, nom='Joel', prenom='Bill', matricule='C00001', dateEmbauche=2021-02-21, salaire=1825.46, performance=1, tempsPartiel=1.0}
2021-02-21 16:54:08 - INFO  - Embauche d'un employé avec les infos suivantes : nom:Jobs ,prenom: Steve , poste: COMMERCIAL , niveau d'étude: LICENCE , taux d'activité 1.0 
2021-02-21 16:54:08 - INFO  - employe enregistrer: Employe{, nom='Jobs', prenom='Steve', matricule='C00002', dateEmbauche=2021-02-21, salaire=1825.46, performance=1, tempsPartiel=1.0}
2021-02-21 16:54:08 - INFO  - Embauche d'un employé avec les infos suivantes : nom:Joel ,prenom: Bill , poste: COMMERCIAL , niveau d'étude: LICENCE , taux d'activité 1.0 
2021-02-21 16:54:08 - WARN  - matricule par defaut affecté
2021-02-21 16:54:08 - INFO  - employe enregistrer: Employe{, nom='Joel', prenom='Bill', matricule='C00001', dateEmbauche=2021-02-21, salaire=1825.46, performance=1, tempsPartiel=1.0}
2021-02-21 16:54:08 - INFO  - Embauche d'un employé avec les infos suivantes : nom:Joel ,prenom: Bill , poste: COMMERCIAL , niveau d'étude: LICENCE , taux d'activité 1.0 
2021-02-21 16:54:08 - WARN  - matricule par defaut affecté
2021-02-21 16:54:08 - INFO  - employe enregistrer: Employe{, nom='Joel', prenom='Bill', matricule='C00001', dateEmbauche=2021-02-21, salaire=1825.46, performance=1, tempsPartiel=1.0}
2021-02-21 16:54:08 - INFO  - Embauche d'un employé avec les infos suivantes : nom:Joel ,prenom: Bill , poste: COMMERCIAL , niveau d'étude: LICENCE , taux d'activité 1.0 
2021-02-21 16:54:08 - WARN  - matricule par defaut affecté
2021-02-21 16:54:08 - INFO  - employe enregistrer: Employe{, nom='Joel', prenom='Bill', matricule='C00001', dateEmbauche=2021-02-21, salaire=1825.46, performance=1, tempsPartiel=1.0}
2021-02-21 16:54:08 - INFO  - Embauche d'un employé avec les infos suivantes : nom:Jobs ,prenom: Steve , poste: COMMERCIAL , niveau d'étude: LICENCE , taux d'activité 1.0 
2021-02-21 16:54:08 - INFO  - employe enregistrer: Employe{, nom='Jobs', prenom='Steve', matricule='C00002', dateEmbauche=2021-02-21, salaire=1825.46, performance=1, tempsPartiel=1.0}
2021-02-21 16:54:08 - INFO  - Embauche d'un employé avec les infos suivantes : nom:Joel ,prenom: Bill , poste: COMMERCIAL , niveau d'étude: LICENCE , taux d'activité 1.0 
2021-02-21 16:54:08 - WARN  - matricule par defaut affecté
2021-02-21 16:54:08 - INFO  - employe enregistrer: Employe{, nom='Joel', prenom='Bill', matricule='C00001', dateEmbauche=2021-02-21, salaire=1825.46, performance=1, tempsPartiel=1.0}
2021-02-21 16:54:08 - INFO  - Embauche d'un employé avec les infos suivantes : nom:Joel ,prenom: Bill , poste: COMMERCIAL , niveau d'étude: LICENCE , taux d'activité 1.0 
2021-02-21 16:54:08 - WARN  - matricule par defaut affecté
2021-02-21 16:54:08 - INFO  - employe enregistrer: Employe{, nom='Joel', prenom='Bill', matricule='C00001', dateEmbauche=2021-02-21, salaire=1825.46, performance=1, tempsPartiel=1.0}
2021-02-21 16:54:08 - INFO  - Embauche d'un employé avec les infos suivantes : nom:Joel ,prenom: Bill , poste: COMMERCIAL , niveau d'étude: LICENCE , taux d'activité 1.0 
2021-02-21 16:54:08 - WARN  - matricule par defaut affecté
2021-02-21 16:54:08 - INFO  - employe enregistrer: Employe{, nom='Joel', prenom='Bill', matricule='C00001', dateEmbauche=2021-02-21, salaire=1825.46, performance=1, tempsPartiel=1.0}
2021-02-21 16:54:08 - INFO  - Embauche d'un employé avec les infos suivantes : nom:Joel ,prenom: Bill , poste: COMMERCIAL , niveau d'étude: LICENCE , taux d'activité 1.0 
2021-02-21 16:54:08 - WARN  - matricule par defaut affecté
2021-02-21 16:54:08 - INFO  - employe enregistrer: Employe{, nom='Joel', prenom='Bill', matricule='C00001', dateEmbauche=2021-02-21, salaire=1825.46, performance=1, tempsPartiel=1.0}
2021-02-21 16:54:08 - INFO  - Embauche d'un employé avec les infos suivantes : nom:Joel ,prenom: Bill , poste: COMMERCIAL , niveau d'étude: LICENCE , taux d'activité 1.0 
2021-02-21 16:54:08 - WARN  - matricule par defaut affecté
2021-02-21 16:54:08 - INFO  - employe enregistrer: Employe{, nom='Joel', prenom='Bill', matricule='C00001', dateEmbauche=2021-02-21, salaire=1825.46, performance=1, tempsPartiel=1.0}
2021-02-21 16:54:08 - INFO  - Embauche d'un employé avec les infos suivantes : nom:Jobs ,prenom: Steve , poste: COMMERCIAL , niveau d'étude: LICENCE , taux d'activité 1.0 
2021-02-21 16:54:08 - INFO  - employe enregistrer: Employe{, nom='Jobs', prenom='Steve', matricule='C00002', dateEmbauche=2021-02-21, salaire=1825.46, performance=1, tempsPartiel=1.0}
2021-02-21 16:54:09 - INFO  - Embauche d'un employé avec les infos suivantes : nom:Doe ,prenom: John , poste: TECHNICIEN , niveau d'étude: BTS_IUT , taux d'activité 1.0 
2021-02-21 16:54:09 - INFO  - Embauche d'un employé avec les infos suivantes : nom:Doe ,prenom: John , poste: TECHNICIEN , niveau d'étude: BTS_IUT , taux d'activité 1.0 
2021-02-21 16:54:09 - WARN  - matricule par defaut affecté
2021-02-21 16:54:09 - ERROR - L'employé de matricule T00001 existe déjà en BDD
2021-02-21 16:54:09 - INFO  - Embauche d'un employé avec les infos suivantes : nom:Doe ,prenom: John , poste: TECHNICIEN , niveau d'étude: BTS_IUT , taux d'activité 1.0 
2021-02-21 16:54:09 - WARN  - matricule par defaut affecté
2021-02-21 16:54:09 - INFO  - employe enregistrer: Employe{, nom='Doe', prenom='John', matricule='T00001', dateEmbauche=2021-02-21, salaire=0.0, performance=1, tempsPartiel=1.0}
2021-02-21 16:54:09 - INFO  - Embauche d'un employé avec les infos suivantes : nom:Doe ,prenom: John , poste: TECHNICIEN , niveau d'étude: BTS_IUT , taux d'activité 1.0 
2021-02-21 16:54:09 - WARN  - matricule par defaut affecté
2021-02-21 16:54:09 - INFO  - employe enregistrer: Employe{, nom='Doe', prenom='John', matricule='T00001', dateEmbauche=2021-02-21, salaire=1825.46, performance=1, tempsPartiel=1.0}
2021-02-21 16:54:09 - INFO  - Embauche d'un employé avec les infos suivantes : nom:Joel ,prenom: Bill , poste: COMMERCIAL , niveau d'étude: LICENCE , taux d'activité 1.0 
2021-02-21 16:54:09 - WARN  - matricule par defaut affecté
2021-02-21 16:54:09 - INFO  - employe enregistrer: Employe{, nom='Joel', prenom='Bill', matricule='C00001', dateEmbauche=2021-02-21, salaire=1825.46, performance=1, tempsPartiel=1.0}
2021-02-21 16:54:09 - INFO  - Embauche d'un employé avec les infos suivantes : nom:Joel ,prenom: Bill , poste: COMMERCIAL , niveau d'étude: LICENCE , taux d'activité 1.0 
2021-02-21 16:54:09 - WARN  - matricule par defaut affecté
2021-02-21 16:54:09 - INFO  - employe enregistrer: Employe{, nom='Joel', prenom='Bill', matricule='C00001', dateEmbauche=2021-02-21, salaire=1825.46, performance=1, tempsPartiel=1.0}
2021-02-21 16:54:09 - INFO  - Embauche d'un employé avec les infos suivantes : nom:Joel ,prenom: Bill , poste: COMMERCIAL , niveau d'étude: LICENCE , taux d'activité 1.0 
2021-02-21 16:54:09 - WARN  - matricule par defaut affecté
2021-02-21 16:54:09 - INFO  - employe enregistrer: Employe{, nom='Joel', prenom='Bill', matricule='C00001', dateEmbauche=2021-02-21, salaire=1825.46, performance=1, tempsPartiel=1.0}
2021-02-21 16:54:09 - INFO  - Embauche d'un employé avec les infos suivantes : nom:Joel ,prenom: Bill , poste: COMMERCIAL , niveau d'étude: LICENCE , taux d'activité 1.0 
2021-02-21 16:54:09 - WARN  - matricule par defaut affecté
2021-02-21 16:54:09 - INFO  - employe enregistrer: Employe{, nom='Joel', prenom='Bill', matricule='C00001', dateEmbauche=2021-02-21, salaire=1825.46, performance=1, tempsPartiel=1.0}
2021-02-21 16:54:09 - INFO  - Embauche d'un employé avec les infos suivantes : nom:Joel ,prenom: Bill , poste: COMMERCIAL , niveau d'étude: LICENCE , taux d'activité 1.0 
2021-02-21 16:54:09 - WARN  - matricule par defaut affecté
2021-02-21 16:54:09 - INFO  - employe enregistrer: Employe{, nom='Joel', prenom='Bill', matricule='C00001', dateEmbauche=2021-02-21, salaire=1825.46, performance=1, tempsPartiel=1.0}
2021-02-21 16:54:09 - INFO  - Embauche d'un employé avec les infos suivantes : nom:Jobs ,prenom: Steve , poste: COMMERCIAL , niveau d'étude: LICENCE , taux d'activité 1.0 
2021-02-21 16:54:09 - INFO  - employe enregistrer: Employe{, nom='Jobs', prenom='Steve', matricule='C00002', dateEmbauche=2021-02-21, salaire=1825.46, performance=1, tempsPartiel=1.0}
2021-02-21 16:54:09 - INFO  - Embauche d'un employé avec les infos suivantes : nom:Doe ,prenom: John , poste: TECHNICIEN , niveau d'étude: BTS_IUT , taux d'activité 1.0 
2021-02-21 16:54:09 - WARN  - matricule par defaut affecté
2021-02-21 16:54:09 - INFO  - employe enregistrer: Employe{, nom='Doe', prenom='John', matricule='T00001', dateEmbauche=2021-02-21, salaire=1825.46, performance=1, tempsPartiel=1.0}
2021-02-21 16:54:09 - INFO  - Embauche d'un employé avec les infos suivantes : nom:Joel ,prenom: Bill , poste: COMMERCIAL , niveau d'étude: LICENCE , taux d'activité 1.0 
2021-02-21 16:54:09 - WARN  - matricule par defaut affecté
2021-02-21 16:54:09 - INFO  - employe enregistrer: Employe{, nom='Joel', prenom='Bill', matricule='C00001', dateEmbauche=2021-02-21, salaire=1825.46, performance=1, tempsPartiel=1.0}
2021-02-21 16:54:09 - INFO  - Embauche d'un employé avec les infos suivantes : nom:Joel ,prenom: Bill , poste: COMMERCIAL , niveau d'étude: LICENCE , taux d'activité 1.0 
2021-02-21 16:54:09 - WARN  - matricule par defaut affecté
2021-02-21 16:54:09 - INFO  - employe enregistrer: Employe{, nom='Joel', prenom='Bill', matricule='C00001', dateEmbauche=2021-02-21, salaire=1825.46, performance=1, tempsPartiel=1.0}
2021-02-21 16:54:09 - INFO  - Embauche d'un employé avec les infos suivantes : nom:Joel ,prenom: Bill , poste: COMMERCIAL , niveau d'étude: LICENCE , taux d'activité 1.0 
2021-02-21 16:54:09 - WARN  - matricule par defaut affecté
2021-02-21 16:54:09 - INFO  - employe enregistrer: Employe{, nom='Joel', prenom='Bill', matricule='C00001', dateEmbauche=2021-02-21, salaire=1825.46, performance=1, tempsPartiel=1.0}
2021-02-21 16:54:09 - INFO  - Embauche d'un employé avec les infos suivantes : nom:Joel ,prenom: Bill , poste: COMMERCIAL , niveau d'étude: LICENCE , taux d'activité 1.0 
2021-02-21 16:54:09 - WARN  - matricule par defaut affecté
2021-02-21 16:54:09 - INFO  - employe enregistrer: Employe{, nom='Joel', prenom='Bill', matricule='C00001', dateEmbauche=2021-02-21, salaire=1825.46, performance=1, tempsPartiel=1.0}
2021-02-21 16:54:09 - INFO  - Embauche d'un employé avec les infos suivantes : nom:Joel ,prenom: Bill , poste: COMMERCIAL , niveau d'étude: LICENCE , taux d'activité 1.0 
2021-02-21 16:54:09 - WARN  - matricule par defaut affecté
2021-02-21 16:54:09 - INFO  - employe enregistrer: Employe{, nom='Joel', prenom='Bill', matricule='C00001', dateEmbauche=2021-02-21, salaire=1825.46, performance=1, tempsPartiel=1.0}
2021-02-21 16:54:09 - INFO  - Embauche d'un employé avec les infos suivantes : nom:Joel ,prenom: Bill , poste: COMMERCIAL , niveau d'étude: LICENCE , taux d'activité 1.0 
2021-02-21 16:54:09 - WARN  - matricule par defaut affecté
2021-02-21 16:54:09 - INFO  - employe enregistrer: Employe{, nom='Joel', prenom='Bill', matricule='C00001', dateEmbauche=2021-02-21, salaire=1825.46, performance=1, tempsPartiel=1.0}
2021-02-21 16:54:09 - INFO  - Embauche d'un employé avec les infos suivantes : nom:Jobs ,prenom: Steve , poste: COMMERCIAL , niveau d'étude: LICENCE , taux d'activité 1.0 
2021-02-21 16:54:09 - INFO  - employe enregistrer: Employe{, nom='Jobs', prenom='Steve', matricule='C00002', dateEmbauche=2021-02-21, salaire=1825.46, performance=1, tempsPartiel=1.0}
2021-02-21 16:54:09 - INFO  - Embauche d'un employé avec les infos suivantes : nom:Joel ,prenom: Bill , poste: COMMERCIAL , niveau d'étude: LICENCE , taux d'activité 1.0 
2021-02-21 16:54:09 - WARN  - matricule par defaut affecté
2021-02-21 16:54:09 - INFO  - employe enregistrer: Employe{, nom='Joel', prenom='Bill', matricule='C00001', dateEmbauche=2021-02-21, salaire=1825.46, performance=1, tempsPartiel=1.0}
2021-02-21 16:54:09 - INFO  - Embauche d'un employé avec les infos suivantes : nom:Joel ,prenom: Bill , poste: COMMERCIAL , niveau d'étude: LICENCE , taux d'activité 1.0 
2021-02-21 16:54:09 - WARN  - matricule par defaut affecté
2021-02-21 16:54:09 - INFO  - employe enregistrer: Employe{, nom='Joel', prenom='Bill', matricule='C00001', dateEmbauche=2021-02-21, salaire=1825.46, performance=1, tempsPartiel=1.0}
2021-02-21 16:54:09 - INFO  - Embauche d'un employé avec les infos suivantes : nom:Joel ,prenom: Bill , poste: COMMERCIAL , niveau d'étude: LICENCE , taux d'activité 1.0 
2021-02-21 16:54:09 - WARN  - matricule par defaut affecté
2021-02-21 16:54:09 - INFO  - employe enregistrer: Employe{, nom='Joel', prenom='Bill', matricule='C00001', dateEmbauche=2021-02-21, salaire=1825.46, performance=1, tempsPartiel=1.0}
2021-02-21 16:54:09 - INFO  - Embauche d'un employé avec les infos suivantes : nom:Doe ,prenom: John , poste: TECHNICIEN , niveau d'étude: BTS_IUT , taux d'activité 1.0 
2021-02-21 16:54:09 - WARN  - matricule par defaut affecté
2021-02-21 16:54:09 - INFO  - employe enregistrer: Employe{, nom='Doe', prenom='John', matricule='T00001', dateEmbauche=2021-02-21, salaire=0.18, performance=1, tempsPartiel=1.0}
2021-02-21 16:54:09 - INFO  - Embauche d'un employé avec les infos suivantes : nom:Doe ,prenom: John , poste: TECHNICIEN , niveau d'étude: BTS_IUT , taux d'activité 1.0 
2021-02-21 16:54:09 - WARN  - matricule par defaut affecté
2021-02-21 16:54:09 - INFO  - employe enregistrer: Employe{, nom='Doe', prenom='John', matricule='T00001', dateEmbauche=2021-02-21, salaire=1.82546E7, performance=1, tempsPartiel=1.0}
2021-02-21 16:54:09 - INFO  - Embauche d'un employé avec les infos suivantes : nom:Joel ,prenom: Bill , poste: COMMERCIAL , niveau d'étude: LICENCE , taux d'activité 1.0 
2021-02-21 16:54:09 - WARN  - matricule par defaut affecté
2021-02-21 16:54:09 - INFO  - employe enregistrer: Employe{, nom='Joel', prenom='Bill', matricule='C00001', dateEmbauche=2021-02-21, salaire=1825.46, performance=1, tempsPartiel=1.0}
2021-02-21 16:54:09 - INFO  - Embauche d'un employé avec les infos suivantes : nom:Joel ,prenom: Bill , poste: COMMERCIAL , niveau d'étude: LICENCE , taux d'activité 1.0 
2021-02-21 16:54:09 - WARN  - matricule par defaut affecté
2021-02-21 16:54:09 - INFO  - employe enregistrer: Employe{, nom='Joel', prenom='Bill', matricule='C00001', dateEmbauche=2021-02-21, salaire=1825.46, performance=1, tempsPartiel=1.0}
2021-02-21 16:54:09 - INFO  - Embauche d'un employé avec les infos suivantes : nom:Doe ,prenom: John , poste: TECHNICIEN , niveau d'étude: BTS_IUT , taux d'activité 1.0 
2021-02-21 16:54:09 - WARN  - matricule par defaut affecté
2021-02-21 16:54:09 - INFO  - employe enregistrer: Employe{, nom='Doe', prenom='John', matricule='T00001', dateEmbauche=2021-02-21, salaire=1825.464, performance=1, tempsPartiel=1.0}
2021-02-21 16:54:09 - INFO  - Embauche d'un employé avec les infos suivantes : nom:Doe ,prenom: John , poste: TECHNICIEN , niveau d'étude: BTS_IUT , taux d'activité 1.0 
2021-02-21 16:54:09 - INFO  - Embauche d'un employé avec les infos suivantes : nom:Joel ,prenom: Bill , poste: COMMERCIAL , niveau d'étude: LICENCE , taux d'activité 1.0 
2021-02-21 16:54:09 - WARN  - matricule par defaut affecté
2021-02-21 16:54:09 - INFO  - employe enregistrer: Employe{, nom='Joel', prenom='Bill', matricule='C00001', dateEmbauche=2021-02-21, salaire=1825.46, performance=1, tempsPartiel=1.0}
2021-02-21 16:54:09 - INFO  - Embauche d'un employé avec les infos suivantes : nom:Joel ,prenom: Bill , poste: COMMERCIAL , niveau d'étude: LICENCE , taux d'activité 1.0 
2021-02-21 16:54:09 - WARN  - matricule par defaut affecté
2021-02-21 16:54:09 - INFO  - employe enregistrer: Employe{, nom='Joel', prenom='Bill', matricule='C00001', dateEmbauche=2021-02-21, salaire=1825.46, performance=1, tempsPartiel=1.0}
2021-02-21 16:54:09 - INFO  - Embauche d'un employé avec les infos suivantes : nom:Joel ,prenom: Bill , poste: COMMERCIAL , niveau d'étude: LICENCE , taux d'activité 1.0 
2021-02-21 16:54:09 - WARN  - matricule par defaut affecté
2021-02-21 16:54:09 - INFO  - employe enregistrer: Employe{, nom='Joel', prenom='Bill', matricule='C00001', dateEmbauche=2021-02-21, salaire=1825.46, performance=1, tempsPartiel=1.0}
2021-02-21 16:54:09 - INFO  - Embauche d'un employé avec les infos suivantes : nom:Jobs ,prenom: Steve , poste: COMMERCIAL , niveau d'étude: LICENCE , taux d'activité 1.0 
2021-02-21 16:54:09 - INFO  - employe enregistrer: Employe{, nom='Jobs', prenom='Steve', matricule='C00002', dateEmbauche=2021-02-21, salaire=1825.46, performance=1, tempsPartiel=1.0}
2021-02-21 16:54:09 - INFO  - Embauche d'un employé avec les infos suivantes : nom:Joel ,prenom: Bill , poste: COMMERCIAL , niveau d'étude: LICENCE , taux d'activité 1.0 
2021-02-21 16:54:09 - WARN  - matricule par defaut affecté
2021-02-21 16:54:09 - INFO  - employe enregistrer: Employe{, nom='Joel', prenom='Bill', matricule='C00001', dateEmbauche=2021-02-21, salaire=1825.46, performance=1, tempsPartiel=1.0}
2021-02-21 16:54:10 - INFO  - Embauche d'un employé avec les infos suivantes : nom:Joel ,prenom: Bill , poste: COMMERCIAL , niveau d'étude: LICENCE , taux d'activité 1.0 
2021-02-21 16:54:10 - WARN  - matricule par defaut affecté
2021-02-21 16:54:10 - INFO  - employe enregistrer: Employe{, nom='Joel', prenom='Bill', matricule='C00001', dateEmbauche=2021-02-21, salaire=1825.46, performance=1, tempsPartiel=1.0}
2021-02-21 16:54:10 - INFO  - Embauche d'un employé avec les infos suivantes : nom:Joel ,prenom: Bill , poste: COMMERCIAL , niveau d'étude: LICENCE , taux d'activité 1.0 
2021-02-21 16:54:10 - WARN  - matricule par defaut affecté
2021-02-21 16:54:10 - INFO  - employe enregistrer: Employe{, nom='Joel', prenom='Bill', matricule='C00001', dateEmbauche=2021-02-21, salaire=1825.46, performance=1, tempsPartiel=1.0}
2021-02-21 16:54:10 - INFO  - Embauche d'un employé avec les infos suivantes : nom:Joel ,prenom: Bill , poste: COMMERCIAL , niveau d'étude: LICENCE , taux d'activité 1.0 
2021-02-21 16:54:10 - WARN  - matricule par defaut affecté
2021-02-21 16:54:10 - INFO  - employe enregistrer: Employe{, nom='Joel', prenom='Bill', matricule='C00001', dateEmbauche=2021-02-21, salaire=1825.46, performance=1, tempsPartiel=1.0}
2021-02-21 16:54:10 - INFO  - Embauche d'un employé avec les infos suivantes : nom:Joel ,prenom: Bill , poste: COMMERCIAL , niveau d'étude: LICENCE , taux d'activité 1.0 
2021-02-21 16:54:10 - WARN  - matricule par defaut affecté
2021-02-21 16:54:10 - INFO  - employe enregistrer: Employe{, nom='Joel', prenom='Bill', matricule='C00001', dateEmbauche=2021-02-21, salaire=1825.46, performance=1, tempsPartiel=1.0}
2021-02-21 16:54:10 - INFO  - Embauche d'un employé avec les infos suivantes : nom:Jobs ,prenom: Steve , poste: COMMERCIAL , niveau d'étude: LICENCE , taux d'activité 1.0 
2021-02-21 16:54:10 - INFO  - employe enregistrer: Employe{, nom='Jobs', prenom='Steve', matricule='C00002', dateEmbauche=2021-02-21, salaire=1825.46, performance=1, tempsPartiel=1.0}
2021-02-21 16:54:10 - INFO  - Embauche d'un employé avec les infos suivantes : nom:Joel ,prenom: Bill , poste: COMMERCIAL , niveau d'étude: LICENCE , taux d'activité 1.0 
2021-02-21 16:54:10 - WARN  - matricule par defaut affecté
2021-02-21 16:54:10 - INFO  - employe enregistrer: Employe{, nom='Joel', prenom='Bill', matricule='C00001', dateEmbauche=2021-02-21, salaire=1825.46, performance=1, tempsPartiel=1.0}
2021-02-21 16:54:10 - INFO  - Embauche d'un employé avec les infos suivantes : nom:Joel ,prenom: Bill , poste: COMMERCIAL , niveau d'étude: LICENCE , taux d'activité 1.0 
2021-02-21 16:54:10 - WARN  - matricule par defaut affecté
2021-02-21 16:54:10 - INFO  - employe enregistrer: Employe{, nom='Joel', prenom='Bill', matricule='C00001', dateEmbauche=2021-02-21, salaire=1825.46, performance=1, tempsPartiel=1.0}
2021-02-21 16:54:10 - INFO  - Embauche d'un employé avec les infos suivantes : nom:Joel ,prenom: Bill , poste: COMMERCIAL , niveau d'étude: LICENCE , taux d'activité 1.0 
2021-02-21 16:54:10 - WARN  - matricule par defaut affecté
2021-02-21 16:54:10 - INFO  - employe enregistrer: Employe{, nom='Joel', prenom='Bill', matricule='C00001', dateEmbauche=2021-02-21, salaire=1825.46, performance=1, tempsPartiel=1.0}
2021-02-21 16:54:10 - INFO  - Embauche d'un employé avec les infos suivantes : nom:Joel ,prenom: Bill , poste: COMMERCIAL , niveau d'étude: LICENCE , taux d'activité 1.0 
2021-02-21 16:54:10 - WARN  - matricule par defaut affecté
2021-02-21 16:54:10 - INFO  - employe enregistrer: Employe{, nom='Joel', prenom='Bill', matricule='C00001', dateEmbauche=2021-02-21, salaire=1825.46, performance=1, tempsPartiel=1.0}
2021-02-21 16:54:10 - INFO  - Embauche d'un employé avec les infos suivantes : nom:Jobs ,prenom: Steve , poste: COMMERCIAL , niveau d'étude: LICENCE , taux d'activité 1.0 
2021-02-21 16:54:10 - INFO  - employe enregistrer: Employe{, nom='Jobs', prenom='Steve', matricule='C00002', dateEmbauche=2021-02-21, salaire=1825.46, performance=1, tempsPartiel=1.0}
2021-02-21 16:54:10 - INFO  - Embauche d'un employé avec les infos suivantes : nom:Joel ,prenom: Bill , poste: COMMERCIAL , niveau d'étude: LICENCE , taux d'activité 1.0 
2021-02-21 16:54:10 - WARN  - matricule par defaut affecté
2021-02-21 16:54:10 - INFO  - employe enregistrer: Employe{, nom='Joel', prenom='Bill', matricule='C00001', dateEmbauche=2021-02-21, salaire=1825.46, performance=1, tempsPartiel=1.0}
2021-02-21 16:54:10 - INFO  - Embauche d'un employé avec les infos suivantes : nom:Doe ,prenom: John , poste: TECHNICIEN , niveau d'étude: BTS_IUT , taux d'activité 1.0 
2021-02-21 16:54:10 - WARN  - matricule par defaut affecté
2021-02-21 16:54:10 - INFO  - Embauche d'un employé avec les infos suivantes : nom:Joel ,prenom: Bill , poste: COMMERCIAL , niveau d'étude: LICENCE , taux d'activité 1.0 
2021-02-21 16:54:10 - WARN  - matricule par defaut affecté
2021-02-21 16:54:10 - INFO  - employe enregistrer: Employe{, nom='Joel', prenom='Bill', matricule='C00001', dateEmbauche=2021-02-21, salaire=1825.46, performance=1, tempsPartiel=1.0}
2021-02-21 16:54:10 - INFO  - Embauche d'un employé avec les infos suivantes : nom:Joel ,prenom: Bill , poste: COMMERCIAL , niveau d'étude: LICENCE , taux d'activité 1.0 
2021-02-21 16:54:10 - WARN  - matricule par defaut affecté
2021-02-21 16:54:10 - INFO  - employe enregistrer: Employe{, nom='Joel', prenom='Bill', matricule='C00001', dateEmbauche=2021-02-21, salaire=1825.46, performance=1, tempsPartiel=1.0}
2021-02-21 16:54:10 - INFO  - Embauche d'un employé avec les infos suivantes : nom:Joel ,prenom: Bill , poste: COMMERCIAL , niveau d'étude: LICENCE , taux d'activité 1.0 
2021-02-21 16:54:10 - WARN  - matricule par defaut affecté
2021-02-21 16:54:10 - INFO  - employe enregistrer: Employe{, nom='Joel', prenom='Bill', matricule='C00001', dateEmbauche=2021-02-21, salaire=1825.46, performance=1, tempsPartiel=1.0}
2021-02-21 16:54:10 - INFO  - Embauche d'un employé avec les infos suivantes : nom:Joel ,prenom: Bill , poste: COMMERCIAL , niveau d'étude: LICENCE , taux d'activité 1.0 
2021-02-21 16:54:10 - WARN  - matricule par defaut affecté
2021-02-21 16:54:10 - INFO  - employe enregistrer: Employe{, nom='Joel', prenom='Bill', matricule='C00001', dateEmbauche=2021-02-21, salaire=1825.46, performance=1, tempsPartiel=1.0}
2021-02-21 16:54:10 - INFO  - Embauche d'un employé avec les infos suivantes : nom:Jobs ,prenom: Steve , poste: COMMERCIAL , niveau d'étude: LICENCE , taux d'activité 1.0 
2021-02-21 16:54:10 - INFO  - employe enregistrer: Employe{, nom='Jobs', prenom='Steve', matricule='C00002', dateEmbauche=2021-02-21, salaire=1825.46, performance=1, tempsPartiel=1.0}
2021-02-21 16:54:10 - INFO  - Embauche d'un employé avec les infos suivantes : nom:Joel ,prenom: Bill , poste: COMMERCIAL , niveau d'étude: LICENCE , taux d'activité 1.0 
2021-02-21 16:54:10 - WARN  - matricule par defaut affecté
2021-02-21 16:54:10 - INFO  - employe enregistrer: Employe{, nom='Joel', prenom='Bill', matricule='C00001', dateEmbauche=2021-02-21, salaire=1825.46, performance=1, tempsPartiel=1.0}
2021-02-21 16:54:10 - INFO  - Embauche d'un employé avec les infos suivantes : nom:Joel ,prenom: Bill , poste: COMMERCIAL , niveau d'étude: LICENCE , taux d'activité 1.0 
2021-02-21 16:54:10 - WARN  - matricule par defaut affecté
2021-02-21 16:54:10 - INFO  - employe enregistrer: Employe{, nom='Joel', prenom='Bill', matricule='C00001', dateEmbauche=2021-02-21, salaire=1825.46, performance=1, tempsPartiel=1.0}
2021-02-21 16:54:10 - INFO  - Embauche d'un employé avec les infos suivantes : nom:Joel ,prenom: Bill , poste: COMMERCIAL , niveau d'étude: LICENCE , taux d'activité 1.0 
2021-02-21 16:54:10 - WARN  - matricule par defaut affecté
2021-02-21 16:54:10 - INFO  - employe enregistrer: Employe{, nom='Joel', prenom='Bill', matricule='C00001', dateEmbauche=2021-02-21, salaire=1825.46, performance=1, tempsPartiel=1.0}
2021-02-21 16:54:10 - INFO  - Embauche d'un employé avec les infos suivantes : nom:Jobs ,prenom: Steve , poste: COMMERCIAL , niveau d'étude: LICENCE , taux d'activité 1.0 
2021-02-21 16:54:10 - INFO  - employe enregistrer: Employe{, nom='Jobs', prenom='Steve', matricule='C00002', dateEmbauche=2021-02-21, salaire=1825.46, performance=1, tempsPartiel=1.0}
2021-02-21 16:54:10 - INFO  - Embauche d'un employé avec les infos suivantes : nom:Joel ,prenom: Bill , poste: COMMERCIAL , niveau d'étude: LICENCE , taux d'activité 1.0 
2021-02-21 16:54:10 - WARN  - matricule par defaut affecté
2021-02-21 16:54:10 - INFO  - employe enregistrer: Employe{, nom='Joel', prenom='Bill', matricule='C00001', dateEmbauche=2021-02-21, salaire=1825.46, performance=1, tempsPartiel=1.0}
2021-02-21 16:57:59 - INFO  - Starting EmployeRepositoryTest on DESKTOP-P0UDKGU with PID 18816 (started by fabrice ferrere in H:\ALL GIT\Java git prof\ipi-java-350-ex)
2021-02-21 16:57:59 - INFO  - No active profile set, falling back to default profiles: default
2021-02-21 16:58:00 - INFO  - Started EmployeRepositoryTest in 1.67 seconds (JVM running for 2.426)
2021-02-21 16:58:04 - INFO  - Embauche d'un employé avec les infos suivantes : nom:Doe ,prenom: John , poste: TECHNICIEN , niveau d'étude: BTS_IUT , taux d'activité 1.0 
2021-02-21 16:58:04 - WARN  - matricule par defaut affecté
2021-02-21 16:58:04 - ERROR - L'employé de matricule T00001 existe déjà en BDD
2021-02-21 16:58:04 - INFO  - Embauche d'un employé avec les infos suivantes : nom:Doe ,prenom: John , poste: TECHNICIEN , niveau d'étude: BTS_IUT , taux d'activité 1.0 
2021-02-21 16:58:04 - WARN  - matricule par defaut affecté
2021-02-21 16:58:04 - INFO  - employe enregistrer: Employe{, nom='Doe', prenom='John', matricule='T00001', dateEmbauche=2021-02-21, salaire=1825.46, performance=1, tempsPartiel=1.0}
2021-02-21 16:58:04 - INFO  - Embauche d'un employé avec les infos suivantes : nom:Doe ,prenom: John , poste: TECHNICIEN , niveau d'étude: BTS_IUT , taux d'activité 1.0 
2021-02-21 16:58:04 - ERROR - Limite des 100000 matricules atteinte !
2021-02-21 16:58:09 - INFO  - Starting EmployeRepositoryTest on DESKTOP-P0UDKGU with PID 10528 (started by fabrice ferrere in H:\ALL GIT\Java git prof\ipi-java-350-ex)
2021-02-21 16:58:09 - INFO  - No active profile set, falling back to default profiles: default
2021-02-21 16:58:10 - INFO  - Started EmployeRepositoryTest in 1.672 seconds (JVM running for 2.434)
2021-02-21 16:58:15 - INFO  - Starting EmployeServiceIntegrationTest on DESKTOP-P0UDKGU with PID 3152 (started by fabrice ferrere in H:\ALL GIT\Java git prof\ipi-java-350-ex)
2021-02-21 16:58:15 - INFO  - No active profile set, falling back to default profiles: default
2021-02-21 16:58:17 - INFO  - Started EmployeServiceIntegrationTest in 1.817 seconds (JVM running for 2.549)
2021-02-21 16:58:17 - INFO  - Embauche d'un employé avec les infos suivantes : nom:Joel ,prenom: Bill , poste: COMMERCIAL , niveau d'étude: LICENCE , taux d'activité 1.0 
2021-02-21 16:58:17 - WARN  - matricule par defaut affecté
2021-02-21 16:58:17 - INFO  - employe enregistrer: Employe{, nom='Joel', prenom='Bill', matricule='C00001', dateEmbauche=2021-02-21, salaire=1825.46, performance=1, tempsPartiel=1.0}
2021-02-21 16:58:17 - INFO  - Embauche d'un employé avec les infos suivantes : nom:Jobs ,prenom: Steve , poste: COMMERCIAL , niveau d'étude: LICENCE , taux d'activité 1.0 
2021-02-21 16:58:17 - INFO  - employe enregistrer: Employe{, nom='Jobs', prenom='Steve', matricule='C00002', dateEmbauche=2021-02-21, salaire=1825.46, performance=1, tempsPartiel=1.0}
2021-02-21 16:58:17 - INFO  - Embauche d'un employé avec les infos suivantes : nom:Joel ,prenom: Bill , poste: COMMERCIAL , niveau d'étude: LICENCE , taux d'activité 1.0 
2021-02-21 16:58:17 - WARN  - matricule par defaut affecté
2021-02-21 16:58:17 - INFO  - employe enregistrer: Employe{, nom='Joel', prenom='Bill', matricule='C00001', dateEmbauche=2021-02-21, salaire=1825.46, performance=1, tempsPartiel=1.0}
2021-02-21 16:58:17 - INFO  - Embauche d'un employé avec les infos suivantes : nom:Joel ,prenom: Bill , poste: COMMERCIAL , niveau d'étude: LICENCE , taux d'activité 1.0 
2021-02-21 16:58:17 - WARN  - matricule par defaut affecté
2021-02-21 16:58:17 - INFO  - employe enregistrer: Employe{, nom='Joel', prenom='Bill', matricule='C00001', dateEmbauche=2021-02-21, salaire=1825.46, performance=1, tempsPartiel=1.0}
2021-02-21 16:58:17 - INFO  - Embauche d'un employé avec les infos suivantes : nom:Joel ,prenom: Bill , poste: COMMERCIAL , niveau d'étude: LICENCE , taux d'activité 1.0 
2021-02-21 16:58:17 - WARN  - matricule par defaut affecté
2021-02-21 16:58:17 - INFO  - employe enregistrer: Employe{, nom='Joel', prenom='Bill', matricule='C00001', dateEmbauche=2021-02-21, salaire=1825.46, performance=1, tempsPartiel=1.0}
2021-02-21 16:58:17 - INFO  - Embauche d'un employé avec les infos suivantes : nom:Joel ,prenom: Bill , poste: COMMERCIAL , niveau d'étude: LICENCE , taux d'activité 1.0 
2021-02-21 16:58:17 - WARN  - matricule par defaut affecté
2021-02-21 16:58:17 - INFO  - employe enregistrer: Employe{, nom='Joel', prenom='Bill', matricule='C00001', dateEmbauche=2021-02-21, salaire=1825.46, performance=1, tempsPartiel=1.0}
2021-02-21 16:58:17 - INFO  - Embauche d'un employé avec les infos suivantes : nom:Joel ,prenom: Bill , poste: COMMERCIAL , niveau d'étude: LICENCE , taux d'activité 1.0 
2021-02-21 16:58:17 - WARN  - matricule par defaut affecté
2021-02-21 16:58:17 - INFO  - employe enregistrer: Employe{, nom='Joel', prenom='Bill', matricule='C00001', dateEmbauche=2021-02-21, salaire=1825.46, performance=1, tempsPartiel=1.0}
2021-02-21 16:58:17 - INFO  - Embauche d'un employé avec les infos suivantes : nom:Doe ,prenom: John , poste: TECHNICIEN , niveau d'étude: BTS_IUT , taux d'activité 1.0 
2021-02-21 16:58:17 - WARN  - matricule par defaut affecté
2021-02-21 16:58:17 - INFO  - employe enregistrer: Employe{, nom='Doe', prenom='John', matricule='T00001', dateEmbauche=2021-02-21, salaire=1825.46, performance=1, tempsPartiel=1.0}
2021-02-21 16:58:19 - INFO  - Embauche d'un employé avec les infos suivantes : nom:Doe ,prenom: John , poste: TECHNICIEN , niveau d'étude: BTS_IUT , taux d'activité 1.0 
2021-02-21 16:58:19 - WARN  - matricule par defaut affecté
2021-02-21 16:58:19 - ERROR - L'employé de matricule T00001 existe déjà en BDD
2021-02-21 16:58:20 - INFO  - Embauche d'un employé avec les infos suivantes : nom:Doe ,prenom: John , poste: TECHNICIEN , niveau d'étude: BTS_IUT , taux d'activité 1.0 
2021-02-21 16:58:20 - WARN  - matricule par defaut affecté
2021-02-21 16:58:20 - INFO  - employe enregistrer: Employe{, nom='Doe', prenom='John', matricule='T00001', dateEmbauche=2021-02-21, salaire=1825.46, performance=1, tempsPartiel=1.0}
2021-02-21 16:58:20 - INFO  - Embauche d'un employé avec les infos suivantes : nom:Doe ,prenom: John , poste: TECHNICIEN , niveau d'étude: BTS_IUT , taux d'activité 1.0 
2021-02-21 16:58:20 - ERROR - Limite des 100000 matricules atteinte !
